ERROR - 2025-04-29 22:20:09 --> mysqli_sql_exception: Table 'users' already exists in C:\Users\ce pc\Desktop\devops atelier2\AuTestWin\system\Database\MySQLi\Connection.php:327
Stack trace:
#0 C:\Users\ce pc\Desktop\devops atelier2\AuTestWin\system\Database\MySQLi\Connection.php(327): mysqli->query('CREATE TABLE `u...', 0)
#1 C:\Users\ce pc\Desktop\devops atelier2\AuTestWin\system\Database\BaseConnection.php(738): CodeIgniter\Database\MySQLi\Connection->execute('CREATE TABLE `u...')
#2 C:\Users\ce pc\Desktop\devops atelier2\AuTestWin\system\Database\BaseConnection.php(652): CodeIgniter\Database\BaseConnection->simpleQuery('CREATE TABLE `u...')
#3 C:\Users\ce pc\Desktop\devops atelier2\AuTestWin\system\Database\Forge.php(570): CodeIgniter\Database\BaseConnection->query('CREATE TABLE `u...')
#4 C:\Users\ce pc\Desktop\devops atelier2\AuTestWin\app\Database\Migrations\2025-04-20-203852_CreateUsersTable.php(27): CodeIgniter\Database\Forge->createTable('users')
#5 C:\Users\ce pc\Desktop\devops atelier2\AuTestWin\system\Database\MigrationRunner.php(866): App\Database\Migrations\CreateUsersTable->up()
#6 C:\Users\ce pc\Desktop\devops atelier2\AuTestWin\system\Database\MigrationRunner.php(182): CodeIgniter\Database\MigrationRunner->migrate('up', Object(stdClass))
#7 C:\Users\ce pc\Desktop\devops atelier2\AuTestWin\system\Commands\Database\Migrate.php(85): CodeIgniter\Database\MigrationRunner->latest(NULL)
#8 C:\Users\ce pc\Desktop\devops atelier2\AuTestWin\system\CLI\Commands.php(70): CodeIgniter\Commands\Database\Migrate->run(Array)
#9 C:\Users\ce pc\Desktop\devops atelier2\AuTestWin\system\CLI\Console.php(48): CodeIgniter\CLI\Commands->run('migrate', Array)
#10 C:\Users\ce pc\Desktop\devops atelier2\AuTestWin\system\Boot.php(360): CodeIgniter\CLI\Console->run()
#11 C:\Users\ce pc\Desktop\devops atelier2\AuTestWin\system\Boot.php(104): CodeIgniter\Boot::runCommand(Object(CodeIgniter\CLI\Console))
#12 C:\Users\ce pc\Desktop\devops atelier2\AuTestWin\spark(84): CodeIgniter\Boot::bootSpark(Object(Config\Paths))
#13 {main}
ERROR - 2025-04-29 22:21:38 --> mysqli_sql_exception: Table 'users' already exists in C:\Users\ce pc\Desktop\devops atelier2\AuTestWin\system\Database\MySQLi\Connection.php:327
Stack trace:
#0 C:\Users\ce pc\Desktop\devops atelier2\AuTestWin\system\Database\MySQLi\Connection.php(327): mysqli->query('CREATE TABLE `u...', 0)
#1 C:\Users\ce pc\Desktop\devops atelier2\AuTestWin\system\Database\BaseConnection.php(738): CodeIgniter\Database\MySQLi\Connection->execute('CREATE TABLE `u...')
#2 C:\Users\ce pc\Desktop\devops atelier2\AuTestWin\system\Database\BaseConnection.php(652): CodeIgniter\Database\BaseConnection->simpleQuery('CREATE TABLE `u...')
#3 C:\Users\ce pc\Desktop\devops atelier2\AuTestWin\system\Database\Forge.php(570): CodeIgniter\Database\BaseConnection->query('CREATE TABLE `u...')
#4 C:\Users\ce pc\Desktop\devops atelier2\AuTestWin\app\Database\Migrations\2025-04-20-203852_CreateUsersTable.php(27): CodeIgniter\Database\Forge->createTable('users')
#5 C:\Users\ce pc\Desktop\devops atelier2\AuTestWin\system\Database\MigrationRunner.php(866): App\Database\Migrations\CreateUsersTable->up()
#6 C:\Users\ce pc\Desktop\devops atelier2\AuTestWin\system\Database\MigrationRunner.php(182): CodeIgniter\Database\MigrationRunner->migrate('up', Object(stdClass))
#7 C:\Users\ce pc\Desktop\devops atelier2\AuTestWin\system\Commands\Database\Migrate.php(85): CodeIgniter\Database\MigrationRunner->latest(NULL)
#8 C:\Users\ce pc\Desktop\devops atelier2\AuTestWin\system\CLI\Commands.php(70): CodeIgniter\Commands\Database\Migrate->run(Array)
#9 C:\Users\ce pc\Desktop\devops atelier2\AuTestWin\system\CLI\Console.php(48): CodeIgniter\CLI\Commands->run('migrate', Array)
#10 C:\Users\ce pc\Desktop\devops atelier2\AuTestWin\system\Boot.php(360): CodeIgniter\CLI\Console->run()
#11 C:\Users\ce pc\Desktop\devops atelier2\AuTestWin\system\Boot.php(104): CodeIgniter\Boot::runCommand(Object(CodeIgniter\CLI\Console))
#12 C:\Users\ce pc\Desktop\devops atelier2\AuTestWin\spark(84): CodeIgniter\Boot::bootSpark(Object(Config\Paths))
#13 {main}
ERROR - 2025-04-29 22:23:27 --> mysqli_sql_exception: Table 'users' already exists in C:\Users\ce pc\Desktop\devops atelier2\AuTestWin\system\Database\MySQLi\Connection.php:327
Stack trace:
#0 C:\Users\ce pc\Desktop\devops atelier2\AuTestWin\system\Database\MySQLi\Connection.php(327): mysqli->query('CREATE TABLE `u...', 0)
#1 C:\Users\ce pc\Desktop\devops atelier2\AuTestWin\system\Database\BaseConnection.php(738): CodeIgniter\Database\MySQLi\Connection->execute('CREATE TABLE `u...')
#2 C:\Users\ce pc\Desktop\devops atelier2\AuTestWin\system\Database\BaseConnection.php(652): CodeIgniter\Database\BaseConnection->simpleQuery('CREATE TABLE `u...')
#3 C:\Users\ce pc\Desktop\devops atelier2\AuTestWin\system\Database\Forge.php(570): CodeIgniter\Database\BaseConnection->query('CREATE TABLE `u...')
#4 C:\Users\ce pc\Desktop\devops atelier2\AuTestWin\app\Database\Migrations\2025-04-20-203852_CreateUsersTable.php(27): CodeIgniter\Database\Forge->createTable('users')
#5 C:\Users\ce pc\Desktop\devops atelier2\AuTestWin\system\Database\MigrationRunner.php(866): App\Database\Migrations\CreateUsersTable->up()
#6 C:\Users\ce pc\Desktop\devops atelier2\AuTestWin\system\Database\MigrationRunner.php(182): CodeIgniter\Database\MigrationRunner->migrate('up', Object(stdClass))
#7 C:\Users\ce pc\Desktop\devops atelier2\AuTestWin\system\Test\DatabaseTestTrait.php(175): CodeIgniter\Database\MigrationRunner->latest('tests')
#8 C:\Users\ce pc\Desktop\devops atelier2\AuTestWin\system\Test\DatabaseTestTrait.php(120): Tests\App\Models\LigneLivraisonModelTest->migrateDatabase()
#9 C:\Users\ce pc\Desktop\devops atelier2\AuTestWin\system\Test\DatabaseTestTrait.php(60): Tests\App\Models\LigneLivraisonModelTest->setUpMigrate()
#10 C:\Users\ce pc\Desktop\devops atelier2\AuTestWin\system\Test\CIUnitTestCase.php(251): Tests\App\Models\LigneLivraisonModelTest->setUpDatabase()
#11 C:\Users\ce pc\Desktop\devops atelier2\AuTestWin\tests\LigneLivraisonModelTest.php(19): CodeIgniter\Test\CIUnitTestCase->setUp()
#12 C:\Users\ce pc\Desktop\devops atelier2\AuTestWin\vendor\phpunit\phpunit\src\Framework\TestCase.php(2437): Tests\App\Models\LigneLivraisonModelTest->setUp()
#13 C:\Users\ce pc\Desktop\devops atelier2\AuTestWin\vendor\phpunit\phpunit\src\Framework\TestCase.php(2340): PHPUnit\Framework\TestCase->invokeHookMethods(Object(PHPUnit\Runner\HookMethodCollection), Object(PHPUnit\Event\DispatchingEmitter), 'beforeTestMetho...', 'beforeTestMetho...', 'beforeTestMetho...')
#14 C:\Users\ce pc\Desktop\devops atelier2\AuTestWin\vendor\phpunit\phpunit\src\Framework\TestCase.php(506): PHPUnit\Framework\TestCase->invokeBeforeTestHookMethods(Array, Object(PHPUnit\Event\DispatchingEmitter))
#15 C:\Users\ce pc\Desktop\devops atelier2\AuTestWin\vendor\phpunit\phpunit\src\Framework\TestRunner\TestRunner.php(87): PHPUnit\Framework\TestCase->runBare()
#16 C:\Users\ce pc\Desktop\devops atelier2\AuTestWin\vendor\phpunit\phpunit\src\Framework\TestCase.php(361): PHPUnit\Framework\TestRunner->run(Object(Tests\App\Models\LigneLivraisonModelTest))
#17 C:\Users\ce pc\Desktop\devops atelier2\AuTestWin\vendor\phpunit\phpunit\src\Framework\TestSuite.php(369): PHPUnit\Framework\TestCase->run()
#18 C:\Users\ce pc\Desktop\devops atelier2\AuTestWin\vendor\phpunit\phpunit\src\TextUI\TestRunner.php(64): PHPUnit\Framework\TestSuite->run()
#19 C:\Users\ce pc\Desktop\devops atelier2\AuTestWin\vendor\phpunit\phpunit\src\TextUI\Application.php(210): PHPUnit\TextUI\TestRunner->run(Object(PHPUnit\TextUI\Configuration\Configuration), Object(PHPUnit\Runner\ResultCache\DefaultResultCache), Object(PHPUnit\Framework\TestSuite))
#20 C:\Users\ce pc\Desktop\devops atelier2\AuTestWin\vendor\phpunit\phpunit\phpunit(104): PHPUnit\TextUI\Application->run(Array)
#21 C:\Users\ce pc\Desktop\devops atelier2\AuTestWin\vendor\bin\phpunit(122): include('C:\\Users\\ce pc\\...')
#22 {main}
ERROR - 2025-04-29 22:23:28 --> mysqli_sql_exception: Table 'users' already exists in C:\Users\ce pc\Desktop\devops atelier2\AuTestWin\system\Database\MySQLi\Connection.php:327
Stack trace:
#0 C:\Users\ce pc\Desktop\devops atelier2\AuTestWin\system\Database\MySQLi\Connection.php(327): mysqli->query('CREATE TABLE `u...', 0)
#1 C:\Users\ce pc\Desktop\devops atelier2\AuTestWin\system\Database\BaseConnection.php(738): CodeIgniter\Database\MySQLi\Connection->execute('CREATE TABLE `u...')
#2 C:\Users\ce pc\Desktop\devops atelier2\AuTestWin\system\Database\BaseConnection.php(652): CodeIgniter\Database\BaseConnection->simpleQuery('CREATE TABLE `u...')
#3 C:\Users\ce pc\Desktop\devops atelier2\AuTestWin\system\Database\Forge.php(570): CodeIgniter\Database\BaseConnection->query('CREATE TABLE `u...')
#4 C:\Users\ce pc\Desktop\devops atelier2\AuTestWin\app\Database\Migrations\2025-04-20-203852_CreateUsersTable.php(27): CodeIgniter\Database\Forge->createTable('users')
#5 C:\Users\ce pc\Desktop\devops atelier2\AuTestWin\system\Database\MigrationRunner.php(866): App\Database\Migrations\CreateUsersTable->up()
#6 C:\Users\ce pc\Desktop\devops atelier2\AuTestWin\system\Database\MigrationRunner.php(182): CodeIgniter\Database\MigrationRunner->migrate('up', Object(stdClass))
#7 C:\Users\ce pc\Desktop\devops atelier2\AuTestWin\system\Test\DatabaseTestTrait.php(175): CodeIgniter\Database\MigrationRunner->latest('tests')
#8 C:\Users\ce pc\Desktop\devops atelier2\AuTestWin\system\Test\DatabaseTestTrait.php(120): Tests\App\Models\LigneLivraisonModelTest->migrateDatabase()
#9 C:\Users\ce pc\Desktop\devops atelier2\AuTestWin\system\Test\DatabaseTestTrait.php(60): Tests\App\Models\LigneLivraisonModelTest->setUpMigrate()
#10 C:\Users\ce pc\Desktop\devops atelier2\AuTestWin\system\Test\CIUnitTestCase.php(251): Tests\App\Models\LigneLivraisonModelTest->setUpDatabase()
#11 C:\Users\ce pc\Desktop\devops atelier2\AuTestWin\tests\LigneLivraisonModelTest.php(19): CodeIgniter\Test\CIUnitTestCase->setUp()
#12 C:\Users\ce pc\Desktop\devops atelier2\AuTestWin\vendor\phpunit\phpunit\src\Framework\TestCase.php(2437): Tests\App\Models\LigneLivraisonModelTest->setUp()
#13 C:\Users\ce pc\Desktop\devops atelier2\AuTestWin\vendor\phpunit\phpunit\src\Framework\TestCase.php(2340): PHPUnit\Framework\TestCase->invokeHookMethods(Object(PHPUnit\Runner\HookMethodCollection), Object(PHPUnit\Event\DispatchingEmitter), 'beforeTestMetho...', 'beforeTestMetho...', 'beforeTestMetho...')
#14 C:\Users\ce pc\Desktop\devops atelier2\AuTestWin\vendor\phpunit\phpunit\src\Framework\TestCase.php(506): PHPUnit\Framework\TestCase->invokeBeforeTestHookMethods(Array, Object(PHPUnit\Event\DispatchingEmitter))
#15 C:\Users\ce pc\Desktop\devops atelier2\AuTestWin\vendor\phpunit\phpunit\src\Framework\TestRunner\TestRunner.php(87): PHPUnit\Framework\TestCase->runBare()
#16 C:\Users\ce pc\Desktop\devops atelier2\AuTestWin\vendor\phpunit\phpunit\src\Framework\TestCase.php(361): PHPUnit\Framework\TestRunner->run(Object(Tests\App\Models\LigneLivraisonModelTest))
#17 C:\Users\ce pc\Desktop\devops atelier2\AuTestWin\vendor\phpunit\phpunit\src\Framework\TestSuite.php(369): PHPUnit\Framework\TestCase->run()
#18 C:\Users\ce pc\Desktop\devops atelier2\AuTestWin\vendor\phpunit\phpunit\src\TextUI\TestRunner.php(64): PHPUnit\Framework\TestSuite->run()
#19 C:\Users\ce pc\Desktop\devops atelier2\AuTestWin\vendor\phpunit\phpunit\src\TextUI\Application.php(210): PHPUnit\TextUI\TestRunner->run(Object(PHPUnit\TextUI\Configuration\Configuration), Object(PHPUnit\Runner\ResultCache\DefaultResultCache), Object(PHPUnit\Framework\TestSuite))
#20 C:\Users\ce pc\Desktop\devops atelier2\AuTestWin\vendor\phpunit\phpunit\phpunit(104): PHPUnit\TextUI\Application->run(Array)
#21 C:\Users\ce pc\Desktop\devops atelier2\AuTestWin\vendor\bin\phpunit(122): include('C:\\Users\\ce pc\\...')
#22 {main}
ERROR - 2025-04-29 22:24:19 --> mysqli_sql_exception: Table 'users' already exists in C:\Users\ce pc\Desktop\devops atelier2\AuTestWin\system\Database\MySQLi\Connection.php:327
Stack trace:
#0 C:\Users\ce pc\Desktop\devops atelier2\AuTestWin\system\Database\MySQLi\Connection.php(327): mysqli->query('CREATE TABLE `u...', 0)
#1 C:\Users\ce pc\Desktop\devops atelier2\AuTestWin\system\Database\BaseConnection.php(738): CodeIgniter\Database\MySQLi\Connection->execute('CREATE TABLE `u...')
#2 C:\Users\ce pc\Desktop\devops atelier2\AuTestWin\system\Database\BaseConnection.php(652): CodeIgniter\Database\BaseConnection->simpleQuery('CREATE TABLE `u...')
#3 C:\Users\ce pc\Desktop\devops atelier2\AuTestWin\system\Database\Forge.php(570): CodeIgniter\Database\BaseConnection->query('CREATE TABLE `u...')
#4 C:\Users\ce pc\Desktop\devops atelier2\AuTestWin\app\Database\Migrations\2025-04-20-203852_CreateUsersTable.php(27): CodeIgniter\Database\Forge->createTable('users')
#5 C:\Users\ce pc\Desktop\devops atelier2\AuTestWin\system\Database\MigrationRunner.php(866): App\Database\Migrations\CreateUsersTable->up()
#6 C:\Users\ce pc\Desktop\devops atelier2\AuTestWin\system\Database\MigrationRunner.php(182): CodeIgniter\Database\MigrationRunner->migrate('up', Object(stdClass))
#7 C:\Users\ce pc\Desktop\devops atelier2\AuTestWin\system\Test\DatabaseTestTrait.php(175): CodeIgniter\Database\MigrationRunner->latest('tests')
#8 C:\Users\ce pc\Desktop\devops atelier2\AuTestWin\system\Test\DatabaseTestTrait.php(120): Tests\App\Models\LigneLivraisonModelTest->migrateDatabase()
#9 C:\Users\ce pc\Desktop\devops atelier2\AuTestWin\system\Test\DatabaseTestTrait.php(60): Tests\App\Models\LigneLivraisonModelTest->setUpMigrate()
#10 C:\Users\ce pc\Desktop\devops atelier2\AuTestWin\system\Test\CIUnitTestCase.php(251): Tests\App\Models\LigneLivraisonModelTest->setUpDatabase()
#11 C:\Users\ce pc\Desktop\devops atelier2\AuTestWin\tests\LigneLivraisonModelTest.php(19): CodeIgniter\Test\CIUnitTestCase->setUp()
#12 C:\Users\ce pc\Desktop\devops atelier2\AuTestWin\vendor\phpunit\phpunit\src\Framework\TestCase.php(2437): Tests\App\Models\LigneLivraisonModelTest->setUp()
#13 C:\Users\ce pc\Desktop\devops atelier2\AuTestWin\vendor\phpunit\phpunit\src\Framework\TestCase.php(2340): PHPUnit\Framework\TestCase->invokeHookMethods(Object(PHPUnit\Runner\HookMethodCollection), Object(PHPUnit\Event\DispatchingEmitter), 'beforeTestMetho...', 'beforeTestMetho...', 'beforeTestMetho...')
#14 C:\Users\ce pc\Desktop\devops atelier2\AuTestWin\vendor\phpunit\phpunit\src\Framework\TestCase.php(506): PHPUnit\Framework\TestCase->invokeBeforeTestHookMethods(Array, Object(PHPUnit\Event\DispatchingEmitter))
#15 C:\Users\ce pc\Desktop\devops atelier2\AuTestWin\vendor\phpunit\phpunit\src\Framework\TestRunner\TestRunner.php(87): PHPUnit\Framework\TestCase->runBare()
#16 C:\Users\ce pc\Desktop\devops atelier2\AuTestWin\vendor\phpunit\phpunit\src\Framework\TestCase.php(361): PHPUnit\Framework\TestRunner->run(Object(Tests\App\Models\LigneLivraisonModelTest))
#17 C:\Users\ce pc\Desktop\devops atelier2\AuTestWin\vendor\phpunit\phpunit\src\Framework\TestSuite.php(369): PHPUnit\Framework\TestCase->run()
#18 C:\Users\ce pc\Desktop\devops atelier2\AuTestWin\vendor\phpunit\phpunit\src\TextUI\TestRunner.php(64): PHPUnit\Framework\TestSuite->run()
#19 C:\Users\ce pc\Desktop\devops atelier2\AuTestWin\vendor\phpunit\phpunit\src\TextUI\Application.php(210): PHPUnit\TextUI\TestRunner->run(Object(PHPUnit\TextUI\Configuration\Configuration), Object(PHPUnit\Runner\ResultCache\DefaultResultCache), Object(PHPUnit\Framework\TestSuite))
#20 C:\Users\ce pc\Desktop\devops atelier2\AuTestWin\vendor\phpunit\phpunit\phpunit(104): PHPUnit\TextUI\Application->run(Array)
#21 C:\Users\ce pc\Desktop\devops atelier2\AuTestWin\vendor\bin\phpunit(122): include('C:\\Users\\ce pc\\...')
#22 {main}
ERROR - 2025-04-29 22:24:19 --> mysqli_sql_exception: Table 'users' already exists in C:\Users\ce pc\Desktop\devops atelier2\AuTestWin\system\Database\MySQLi\Connection.php:327
Stack trace:
#0 C:\Users\ce pc\Desktop\devops atelier2\AuTestWin\system\Database\MySQLi\Connection.php(327): mysqli->query('CREATE TABLE `u...', 0)
#1 C:\Users\ce pc\Desktop\devops atelier2\AuTestWin\system\Database\BaseConnection.php(738): CodeIgniter\Database\MySQLi\Connection->execute('CREATE TABLE `u...')
#2 C:\Users\ce pc\Desktop\devops atelier2\AuTestWin\system\Database\BaseConnection.php(652): CodeIgniter\Database\BaseConnection->simpleQuery('CREATE TABLE `u...')
#3 C:\Users\ce pc\Desktop\devops atelier2\AuTestWin\system\Database\Forge.php(570): CodeIgniter\Database\BaseConnection->query('CREATE TABLE `u...')
#4 C:\Users\ce pc\Desktop\devops atelier2\AuTestWin\app\Database\Migrations\2025-04-20-203852_CreateUsersTable.php(27): CodeIgniter\Database\Forge->createTable('users')
#5 C:\Users\ce pc\Desktop\devops atelier2\AuTestWin\system\Database\MigrationRunner.php(866): App\Database\Migrations\CreateUsersTable->up()
#6 C:\Users\ce pc\Desktop\devops atelier2\AuTestWin\system\Database\MigrationRunner.php(182): CodeIgniter\Database\MigrationRunner->migrate('up', Object(stdClass))
#7 C:\Users\ce pc\Desktop\devops atelier2\AuTestWin\system\Test\DatabaseTestTrait.php(175): CodeIgniter\Database\MigrationRunner->latest('tests')
#8 C:\Users\ce pc\Desktop\devops atelier2\AuTestWin\system\Test\DatabaseTestTrait.php(120): Tests\App\Models\LigneLivraisonModelTest->migrateDatabase()
#9 C:\Users\ce pc\Desktop\devops atelier2\AuTestWin\system\Test\DatabaseTestTrait.php(60): Tests\App\Models\LigneLivraisonModelTest->setUpMigrate()
#10 C:\Users\ce pc\Desktop\devops atelier2\AuTestWin\system\Test\CIUnitTestCase.php(251): Tests\App\Models\LigneLivraisonModelTest->setUpDatabase()
#11 C:\Users\ce pc\Desktop\devops atelier2\AuTestWin\tests\LigneLivraisonModelTest.php(19): CodeIgniter\Test\CIUnitTestCase->setUp()
#12 C:\Users\ce pc\Desktop\devops atelier2\AuTestWin\vendor\phpunit\phpunit\src\Framework\TestCase.php(2437): Tests\App\Models\LigneLivraisonModelTest->setUp()
#13 C:\Users\ce pc\Desktop\devops atelier2\AuTestWin\vendor\phpunit\phpunit\src\Framework\TestCase.php(2340): PHPUnit\Framework\TestCase->invokeHookMethods(Object(PHPUnit\Runner\HookMethodCollection), Object(PHPUnit\Event\DispatchingEmitter), 'beforeTestMetho...', 'beforeTestMetho...', 'beforeTestMetho...')
#14 C:\Users\ce pc\Desktop\devops atelier2\AuTestWin\vendor\phpunit\phpunit\src\Framework\TestCase.php(506): PHPUnit\Framework\TestCase->invokeBeforeTestHookMethods(Array, Object(PHPUnit\Event\DispatchingEmitter))
#15 C:\Users\ce pc\Desktop\devops atelier2\AuTestWin\vendor\phpunit\phpunit\src\Framework\TestRunner\TestRunner.php(87): PHPUnit\Framework\TestCase->runBare()
#16 C:\Users\ce pc\Desktop\devops atelier2\AuTestWin\vendor\phpunit\phpunit\src\Framework\TestCase.php(361): PHPUnit\Framework\TestRunner->run(Object(Tests\App\Models\LigneLivraisonModelTest))
#17 C:\Users\ce pc\Desktop\devops atelier2\AuTestWin\vendor\phpunit\phpunit\src\Framework\TestSuite.php(369): PHPUnit\Framework\TestCase->run()
#18 C:\Users\ce pc\Desktop\devops atelier2\AuTestWin\vendor\phpunit\phpunit\src\TextUI\TestRunner.php(64): PHPUnit\Framework\TestSuite->run()
#19 C:\Users\ce pc\Desktop\devops atelier2\AuTestWin\vendor\phpunit\phpunit\src\TextUI\Application.php(210): PHPUnit\TextUI\TestRunner->run(Object(PHPUnit\TextUI\Configuration\Configuration), Object(PHPUnit\Runner\ResultCache\DefaultResultCache), Object(PHPUnit\Framework\TestSuite))
#20 C:\Users\ce pc\Desktop\devops atelier2\AuTestWin\vendor\phpunit\phpunit\phpunit(104): PHPUnit\TextUI\Application->run(Array)
#21 C:\Users\ce pc\Desktop\devops atelier2\AuTestWin\vendor\bin\phpunit(122): include('C:\\Users\\ce pc\\...')
#22 {main}
ERROR - 2025-04-29 22:24:48 --> mysqli_sql_exception: Table 'lignelivraisons' already exists in C:\Users\ce pc\Desktop\devops atelier2\AuTestWin\system\Database\MySQLi\Connection.php:327
Stack trace:
#0 C:\Users\ce pc\Desktop\devops atelier2\AuTestWin\system\Database\MySQLi\Connection.php(327): mysqli->query('CREATE TABLE `l...', 0)
#1 C:\Users\ce pc\Desktop\devops atelier2\AuTestWin\system\Database\BaseConnection.php(738): CodeIgniter\Database\MySQLi\Connection->execute('CREATE TABLE `l...')
#2 C:\Users\ce pc\Desktop\devops atelier2\AuTestWin\system\Database\BaseConnection.php(652): CodeIgniter\Database\BaseConnection->simpleQuery('CREATE TABLE `l...')
#3 C:\Users\ce pc\Desktop\devops atelier2\AuTestWin\system\Database\Forge.php(570): CodeIgniter\Database\BaseConnection->query('CREATE TABLE `l...')
#4 C:\Users\ce pc\Desktop\devops atelier2\AuTestWin\app\Database\Migrations\2025-04-23-083628_CreateLivraisonLigneTable.php(29): CodeIgniter\Database\Forge->createTable('ligneLivraisons')
#5 C:\Users\ce pc\Desktop\devops atelier2\AuTestWin\system\Database\MigrationRunner.php(866): App\Database\Migrations\CreateLivraisonLigneTable->up()
#6 C:\Users\ce pc\Desktop\devops atelier2\AuTestWin\system\Database\MigrationRunner.php(182): CodeIgniter\Database\MigrationRunner->migrate('up', Object(stdClass))
#7 C:\Users\ce pc\Desktop\devops atelier2\AuTestWin\system\Test\DatabaseTestTrait.php(175): CodeIgniter\Database\MigrationRunner->latest('tests')
#8 C:\Users\ce pc\Desktop\devops atelier2\AuTestWin\system\Test\DatabaseTestTrait.php(120): Tests\App\Models\LigneLivraisonModelTest->migrateDatabase()
#9 C:\Users\ce pc\Desktop\devops atelier2\AuTestWin\system\Test\DatabaseTestTrait.php(60): Tests\App\Models\LigneLivraisonModelTest->setUpMigrate()
#10 C:\Users\ce pc\Desktop\devops atelier2\AuTestWin\system\Test\CIUnitTestCase.php(251): Tests\App\Models\LigneLivraisonModelTest->setUpDatabase()
#11 C:\Users\ce pc\Desktop\devops atelier2\AuTestWin\tests\LigneLivraisonModelTest.php(19): CodeIgniter\Test\CIUnitTestCase->setUp()
#12 C:\Users\ce pc\Desktop\devops atelier2\AuTestWin\vendor\phpunit\phpunit\src\Framework\TestCase.php(2437): Tests\App\Models\LigneLivraisonModelTest->setUp()
#13 C:\Users\ce pc\Desktop\devops atelier2\AuTestWin\vendor\phpunit\phpunit\src\Framework\TestCase.php(2340): PHPUnit\Framework\TestCase->invokeHookMethods(Object(PHPUnit\Runner\HookMethodCollection), Object(PHPUnit\Event\DispatchingEmitter), 'beforeTestMetho...', 'beforeTestMetho...', 'beforeTestMetho...')
#14 C:\Users\ce pc\Desktop\devops atelier2\AuTestWin\vendor\phpunit\phpunit\src\Framework\TestCase.php(506): PHPUnit\Framework\TestCase->invokeBeforeTestHookMethods(Array, Object(PHPUnit\Event\DispatchingEmitter))
#15 C:\Users\ce pc\Desktop\devops atelier2\AuTestWin\vendor\phpunit\phpunit\src\Framework\TestRunner\TestRunner.php(87): PHPUnit\Framework\TestCase->runBare()
#16 C:\Users\ce pc\Desktop\devops atelier2\AuTestWin\vendor\phpunit\phpunit\src\Framework\TestCase.php(361): PHPUnit\Framework\TestRunner->run(Object(Tests\App\Models\LigneLivraisonModelTest))
#17 C:\Users\ce pc\Desktop\devops atelier2\AuTestWin\vendor\phpunit\phpunit\src\Framework\TestSuite.php(369): PHPUnit\Framework\TestCase->run()
#18 C:\Users\ce pc\Desktop\devops atelier2\AuTestWin\vendor\phpunit\phpunit\src\TextUI\TestRunner.php(64): PHPUnit\Framework\TestSuite->run()
#19 C:\Users\ce pc\Desktop\devops atelier2\AuTestWin\vendor\phpunit\phpunit\src\TextUI\Application.php(210): PHPUnit\TextUI\TestRunner->run(Object(PHPUnit\TextUI\Configuration\Configuration), Object(PHPUnit\Runner\ResultCache\DefaultResultCache), Object(PHPUnit\Framework\TestSuite))
#20 C:\Users\ce pc\Desktop\devops atelier2\AuTestWin\vendor\phpunit\phpunit\phpunit(104): PHPUnit\TextUI\Application->run(Array)
#21 C:\Users\ce pc\Desktop\devops atelier2\AuTestWin\vendor\bin\phpunit(122): include('C:\\Users\\ce pc\\...')
#22 {main}
ERROR - 2025-04-29 22:24:48 --> mysqli_sql_exception: Table 'users' already exists in C:\Users\ce pc\Desktop\devops atelier2\AuTestWin\system\Database\MySQLi\Connection.php:327
Stack trace:
#0 C:\Users\ce pc\Desktop\devops atelier2\AuTestWin\system\Database\MySQLi\Connection.php(327): mysqli->query('CREATE TABLE `u...', 0)
#1 C:\Users\ce pc\Desktop\devops atelier2\AuTestWin\system\Database\BaseConnection.php(738): CodeIgniter\Database\MySQLi\Connection->execute('CREATE TABLE `u...')
#2 C:\Users\ce pc\Desktop\devops atelier2\AuTestWin\system\Database\BaseConnection.php(652): CodeIgniter\Database\BaseConnection->simpleQuery('CREATE TABLE `u...')
#3 C:\Users\ce pc\Desktop\devops atelier2\AuTestWin\system\Database\Forge.php(570): CodeIgniter\Database\BaseConnection->query('CREATE TABLE `u...')
#4 C:\Users\ce pc\Desktop\devops atelier2\AuTestWin\app\Database\Migrations\2025-04-20-203852_CreateUsersTable.php(27): CodeIgniter\Database\Forge->createTable('users')
#5 C:\Users\ce pc\Desktop\devops atelier2\AuTestWin\system\Database\MigrationRunner.php(866): App\Database\Migrations\CreateUsersTable->up()
#6 C:\Users\ce pc\Desktop\devops atelier2\AuTestWin\system\Database\MigrationRunner.php(182): CodeIgniter\Database\MigrationRunner->migrate('up', Object(stdClass))
#7 C:\Users\ce pc\Desktop\devops atelier2\AuTestWin\system\Test\DatabaseTestTrait.php(175): CodeIgniter\Database\MigrationRunner->latest('tests')
#8 C:\Users\ce pc\Desktop\devops atelier2\AuTestWin\system\Test\DatabaseTestTrait.php(120): Tests\App\Models\LigneLivraisonModelTest->migrateDatabase()
#9 C:\Users\ce pc\Desktop\devops atelier2\AuTestWin\system\Test\DatabaseTestTrait.php(60): Tests\App\Models\LigneLivraisonModelTest->setUpMigrate()
#10 C:\Users\ce pc\Desktop\devops atelier2\AuTestWin\system\Test\CIUnitTestCase.php(251): Tests\App\Models\LigneLivraisonModelTest->setUpDatabase()
#11 C:\Users\ce pc\Desktop\devops atelier2\AuTestWin\tests\LigneLivraisonModelTest.php(19): CodeIgniter\Test\CIUnitTestCase->setUp()
#12 C:\Users\ce pc\Desktop\devops atelier2\AuTestWin\vendor\phpunit\phpunit\src\Framework\TestCase.php(2437): Tests\App\Models\LigneLivraisonModelTest->setUp()
#13 C:\Users\ce pc\Desktop\devops atelier2\AuTestWin\vendor\phpunit\phpunit\src\Framework\TestCase.php(2340): PHPUnit\Framework\TestCase->invokeHookMethods(Object(PHPUnit\Runner\HookMethodCollection), Object(PHPUnit\Event\DispatchingEmitter), 'beforeTestMetho...', 'beforeTestMetho...', 'beforeTestMetho...')
#14 C:\Users\ce pc\Desktop\devops atelier2\AuTestWin\vendor\phpunit\phpunit\src\Framework\TestCase.php(506): PHPUnit\Framework\TestCase->invokeBeforeTestHookMethods(Array, Object(PHPUnit\Event\DispatchingEmitter))
#15 C:\Users\ce pc\Desktop\devops atelier2\AuTestWin\vendor\phpunit\phpunit\src\Framework\TestRunner\TestRunner.php(87): PHPUnit\Framework\TestCase->runBare()
#16 C:\Users\ce pc\Desktop\devops atelier2\AuTestWin\vendor\phpunit\phpunit\src\Framework\TestCase.php(361): PHPUnit\Framework\TestRunner->run(Object(Tests\App\Models\LigneLivraisonModelTest))
#17 C:\Users\ce pc\Desktop\devops atelier2\AuTestWin\vendor\phpunit\phpunit\src\Framework\TestSuite.php(369): PHPUnit\Framework\TestCase->run()
#18 C:\Users\ce pc\Desktop\devops atelier2\AuTestWin\vendor\phpunit\phpunit\src\TextUI\TestRunner.php(64): PHPUnit\Framework\TestSuite->run()
#19 C:\Users\ce pc\Desktop\devops atelier2\AuTestWin\vendor\phpunit\phpunit\src\TextUI\Application.php(210): PHPUnit\TextUI\TestRunner->run(Object(PHPUnit\TextUI\Configuration\Configuration), Object(PHPUnit\Runner\ResultCache\DefaultResultCache), Object(PHPUnit\Framework\TestSuite))
#20 C:\Users\ce pc\Desktop\devops atelier2\AuTestWin\vendor\phpunit\phpunit\phpunit(104): PHPUnit\TextUI\Application->run(Array)
#21 C:\Users\ce pc\Desktop\devops atelier2\AuTestWin\vendor\bin\phpunit(122): include('C:\\Users\\ce pc\\...')
#22 {main}
ERROR - 2025-04-29 22:25:55 --> mysqli_sql_exception: Table 'users' already exists in C:\Users\ce pc\Desktop\devops atelier2\AuTestWin\system\Database\MySQLi\Connection.php:327
Stack trace:
#0 C:\Users\ce pc\Desktop\devops atelier2\AuTestWin\system\Database\MySQLi\Connection.php(327): mysqli->query('CREATE TABLE `u...', 0)
#1 C:\Users\ce pc\Desktop\devops atelier2\AuTestWin\system\Database\BaseConnection.php(738): CodeIgniter\Database\MySQLi\Connection->execute('CREATE TABLE `u...')
#2 C:\Users\ce pc\Desktop\devops atelier2\AuTestWin\system\Database\BaseConnection.php(652): CodeIgniter\Database\BaseConnection->simpleQuery('CREATE TABLE `u...')
#3 C:\Users\ce pc\Desktop\devops atelier2\AuTestWin\system\Database\Forge.php(570): CodeIgniter\Database\BaseConnection->query('CREATE TABLE `u...')
#4 C:\Users\ce pc\Desktop\devops atelier2\AuTestWin\app\Database\Migrations\2025-04-20-203852_CreateUsersTable.php(27): CodeIgniter\Database\Forge->createTable('users')
#5 C:\Users\ce pc\Desktop\devops atelier2\AuTestWin\system\Database\MigrationRunner.php(866): App\Database\Migrations\CreateUsersTable->up()
#6 C:\Users\ce pc\Desktop\devops atelier2\AuTestWin\system\Database\MigrationRunner.php(182): CodeIgniter\Database\MigrationRunner->migrate('up', Object(stdClass))
#7 C:\Users\ce pc\Desktop\devops atelier2\AuTestWin\system\Test\DatabaseTestTrait.php(175): CodeIgniter\Database\MigrationRunner->latest('tests')
#8 C:\Users\ce pc\Desktop\devops atelier2\AuTestWin\system\Test\DatabaseTestTrait.php(120): Tests\App\Models\LigneLivraisonModelTest->migrateDatabase()
#9 C:\Users\ce pc\Desktop\devops atelier2\AuTestWin\system\Test\DatabaseTestTrait.php(60): Tests\App\Models\LigneLivraisonModelTest->setUpMigrate()
#10 C:\Users\ce pc\Desktop\devops atelier2\AuTestWin\system\Test\CIUnitTestCase.php(251): Tests\App\Models\LigneLivraisonModelTest->setUpDatabase()
#11 C:\Users\ce pc\Desktop\devops atelier2\AuTestWin\tests\LigneLivraisonModelTest.php(19): CodeIgniter\Test\CIUnitTestCase->setUp()
#12 C:\Users\ce pc\Desktop\devops atelier2\AuTestWin\vendor\phpunit\phpunit\src\Framework\TestCase.php(2437): Tests\App\Models\LigneLivraisonModelTest->setUp()
#13 C:\Users\ce pc\Desktop\devops atelier2\AuTestWin\vendor\phpunit\phpunit\src\Framework\TestCase.php(2340): PHPUnit\Framework\TestCase->invokeHookMethods(Object(PHPUnit\Runner\HookMethodCollection), Object(PHPUnit\Event\DispatchingEmitter), 'beforeTestMetho...', 'beforeTestMetho...', 'beforeTestMetho...')
#14 C:\Users\ce pc\Desktop\devops atelier2\AuTestWin\vendor\phpunit\phpunit\src\Framework\TestCase.php(506): PHPUnit\Framework\TestCase->invokeBeforeTestHookMethods(Array, Object(PHPUnit\Event\DispatchingEmitter))
#15 C:\Users\ce pc\Desktop\devops atelier2\AuTestWin\vendor\phpunit\phpunit\src\Framework\TestRunner\TestRunner.php(87): PHPUnit\Framework\TestCase->runBare()
#16 C:\Users\ce pc\Desktop\devops atelier2\AuTestWin\vendor\phpunit\phpunit\src\Framework\TestCase.php(361): PHPUnit\Framework\TestRunner->run(Object(Tests\App\Models\LigneLivraisonModelTest))
#17 C:\Users\ce pc\Desktop\devops atelier2\AuTestWin\vendor\phpunit\phpunit\src\Framework\TestSuite.php(369): PHPUnit\Framework\TestCase->run()
#18 C:\Users\ce pc\Desktop\devops atelier2\AuTestWin\vendor\phpunit\phpunit\src\TextUI\TestRunner.php(64): PHPUnit\Framework\TestSuite->run()
#19 C:\Users\ce pc\Desktop\devops atelier2\AuTestWin\vendor\phpunit\phpunit\src\TextUI\Application.php(210): PHPUnit\TextUI\TestRunner->run(Object(PHPUnit\TextUI\Configuration\Configuration), Object(PHPUnit\Runner\ResultCache\DefaultResultCache), Object(PHPUnit\Framework\TestSuite))
#20 C:\Users\ce pc\Desktop\devops atelier2\AuTestWin\vendor\phpunit\phpunit\phpunit(104): PHPUnit\TextUI\Application->run(Array)
#21 C:\Users\ce pc\Desktop\devops atelier2\AuTestWin\vendor\bin\phpunit(122): include('C:\\Users\\ce pc\\...')
#22 {main}
ERROR - 2025-04-29 22:25:55 --> mysqli_sql_exception: Table 'users' already exists in C:\Users\ce pc\Desktop\devops atelier2\AuTestWin\system\Database\MySQLi\Connection.php:327
Stack trace:
#0 C:\Users\ce pc\Desktop\devops atelier2\AuTestWin\system\Database\MySQLi\Connection.php(327): mysqli->query('CREATE TABLE `u...', 0)
#1 C:\Users\ce pc\Desktop\devops atelier2\AuTestWin\system\Database\BaseConnection.php(738): CodeIgniter\Database\MySQLi\Connection->execute('CREATE TABLE `u...')
#2 C:\Users\ce pc\Desktop\devops atelier2\AuTestWin\system\Database\BaseConnection.php(652): CodeIgniter\Database\BaseConnection->simpleQuery('CREATE TABLE `u...')
#3 C:\Users\ce pc\Desktop\devops atelier2\AuTestWin\system\Database\Forge.php(570): CodeIgniter\Database\BaseConnection->query('CREATE TABLE `u...')
#4 C:\Users\ce pc\Desktop\devops atelier2\AuTestWin\app\Database\Migrations\2025-04-20-203852_CreateUsersTable.php(27): CodeIgniter\Database\Forge->createTable('users')
#5 C:\Users\ce pc\Desktop\devops atelier2\AuTestWin\system\Database\MigrationRunner.php(866): App\Database\Migrations\CreateUsersTable->up()
#6 C:\Users\ce pc\Desktop\devops atelier2\AuTestWin\system\Database\MigrationRunner.php(182): CodeIgniter\Database\MigrationRunner->migrate('up', Object(stdClass))
#7 C:\Users\ce pc\Desktop\devops atelier2\AuTestWin\system\Test\DatabaseTestTrait.php(175): CodeIgniter\Database\MigrationRunner->latest('tests')
#8 C:\Users\ce pc\Desktop\devops atelier2\AuTestWin\system\Test\DatabaseTestTrait.php(120): Tests\App\Models\LigneLivraisonModelTest->migrateDatabase()
#9 C:\Users\ce pc\Desktop\devops atelier2\AuTestWin\system\Test\DatabaseTestTrait.php(60): Tests\App\Models\LigneLivraisonModelTest->setUpMigrate()
#10 C:\Users\ce pc\Desktop\devops atelier2\AuTestWin\system\Test\CIUnitTestCase.php(251): Tests\App\Models\LigneLivraisonModelTest->setUpDatabase()
#11 C:\Users\ce pc\Desktop\devops atelier2\AuTestWin\tests\LigneLivraisonModelTest.php(19): CodeIgniter\Test\CIUnitTestCase->setUp()
#12 C:\Users\ce pc\Desktop\devops atelier2\AuTestWin\vendor\phpunit\phpunit\src\Framework\TestCase.php(2437): Tests\App\Models\LigneLivraisonModelTest->setUp()
#13 C:\Users\ce pc\Desktop\devops atelier2\AuTestWin\vendor\phpunit\phpunit\src\Framework\TestCase.php(2340): PHPUnit\Framework\TestCase->invokeHookMethods(Object(PHPUnit\Runner\HookMethodCollection), Object(PHPUnit\Event\DispatchingEmitter), 'beforeTestMetho...', 'beforeTestMetho...', 'beforeTestMetho...')
#14 C:\Users\ce pc\Desktop\devops atelier2\AuTestWin\vendor\phpunit\phpunit\src\Framework\TestCase.php(506): PHPUnit\Framework\TestCase->invokeBeforeTestHookMethods(Array, Object(PHPUnit\Event\DispatchingEmitter))
#15 C:\Users\ce pc\Desktop\devops atelier2\AuTestWin\vendor\phpunit\phpunit\src\Framework\TestRunner\TestRunner.php(87): PHPUnit\Framework\TestCase->runBare()
#16 C:\Users\ce pc\Desktop\devops atelier2\AuTestWin\vendor\phpunit\phpunit\src\Framework\TestCase.php(361): PHPUnit\Framework\TestRunner->run(Object(Tests\App\Models\LigneLivraisonModelTest))
#17 C:\Users\ce pc\Desktop\devops atelier2\AuTestWin\vendor\phpunit\phpunit\src\Framework\TestSuite.php(369): PHPUnit\Framework\TestCase->run()
#18 C:\Users\ce pc\Desktop\devops atelier2\AuTestWin\vendor\phpunit\phpunit\src\TextUI\TestRunner.php(64): PHPUnit\Framework\TestSuite->run()
#19 C:\Users\ce pc\Desktop\devops atelier2\AuTestWin\vendor\phpunit\phpunit\src\TextUI\Application.php(210): PHPUnit\TextUI\TestRunner->run(Object(PHPUnit\TextUI\Configuration\Configuration), Object(PHPUnit\Runner\ResultCache\DefaultResultCache), Object(PHPUnit\Framework\TestSuite))
#20 C:\Users\ce pc\Desktop\devops atelier2\AuTestWin\vendor\phpunit\phpunit\phpunit(104): PHPUnit\TextUI\Application->run(Array)
#21 C:\Users\ce pc\Desktop\devops atelier2\AuTestWin\vendor\bin\phpunit(122): include('C:\\Users\\ce pc\\...')
#22 {main}
ERROR - 2025-04-29 22:26:14 --> mysqli_sql_exception: Table 'users' already exists in C:\Users\ce pc\Desktop\devops atelier2\AuTestWin\system\Database\MySQLi\Connection.php:327
Stack trace:
#0 C:\Users\ce pc\Desktop\devops atelier2\AuTestWin\system\Database\MySQLi\Connection.php(327): mysqli->query('CREATE TABLE `u...', 0)
#1 C:\Users\ce pc\Desktop\devops atelier2\AuTestWin\system\Database\BaseConnection.php(738): CodeIgniter\Database\MySQLi\Connection->execute('CREATE TABLE `u...')
#2 C:\Users\ce pc\Desktop\devops atelier2\AuTestWin\system\Database\BaseConnection.php(652): CodeIgniter\Database\BaseConnection->simpleQuery('CREATE TABLE `u...')
#3 C:\Users\ce pc\Desktop\devops atelier2\AuTestWin\system\Database\Forge.php(570): CodeIgniter\Database\BaseConnection->query('CREATE TABLE `u...')
#4 C:\Users\ce pc\Desktop\devops atelier2\AuTestWin\app\Database\Migrations\2025-04-20-203852_CreateUsersTable.php(27): CodeIgniter\Database\Forge->createTable('users')
#5 C:\Users\ce pc\Desktop\devops atelier2\AuTestWin\system\Database\MigrationRunner.php(866): App\Database\Migrations\CreateUsersTable->up()
#6 C:\Users\ce pc\Desktop\devops atelier2\AuTestWin\system\Database\MigrationRunner.php(182): CodeIgniter\Database\MigrationRunner->migrate('up', Object(stdClass))
#7 C:\Users\ce pc\Desktop\devops atelier2\AuTestWin\system\Test\DatabaseTestTrait.php(175): CodeIgniter\Database\MigrationRunner->latest('tests')
#8 C:\Users\ce pc\Desktop\devops atelier2\AuTestWin\system\Test\DatabaseTestTrait.php(120): Tests\App\Models\LigneLivraisonModelTest->migrateDatabase()
#9 C:\Users\ce pc\Desktop\devops atelier2\AuTestWin\system\Test\DatabaseTestTrait.php(60): Tests\App\Models\LigneLivraisonModelTest->setUpMigrate()
#10 C:\Users\ce pc\Desktop\devops atelier2\AuTestWin\system\Test\CIUnitTestCase.php(251): Tests\App\Models\LigneLivraisonModelTest->setUpDatabase()
#11 C:\Users\ce pc\Desktop\devops atelier2\AuTestWin\tests\LigneLivraisonModelTest.php(19): CodeIgniter\Test\CIUnitTestCase->setUp()
#12 C:\Users\ce pc\Desktop\devops atelier2\AuTestWin\vendor\phpunit\phpunit\src\Framework\TestCase.php(2437): Tests\App\Models\LigneLivraisonModelTest->setUp()
#13 C:\Users\ce pc\Desktop\devops atelier2\AuTestWin\vendor\phpunit\phpunit\src\Framework\TestCase.php(2340): PHPUnit\Framework\TestCase->invokeHookMethods(Object(PHPUnit\Runner\HookMethodCollection), Object(PHPUnit\Event\DispatchingEmitter), 'beforeTestMetho...', 'beforeTestMetho...', 'beforeTestMetho...')
#14 C:\Users\ce pc\Desktop\devops atelier2\AuTestWin\vendor\phpunit\phpunit\src\Framework\TestCase.php(506): PHPUnit\Framework\TestCase->invokeBeforeTestHookMethods(Array, Object(PHPUnit\Event\DispatchingEmitter))
#15 C:\Users\ce pc\Desktop\devops atelier2\AuTestWin\vendor\phpunit\phpunit\src\Framework\TestRunner\TestRunner.php(87): PHPUnit\Framework\TestCase->runBare()
#16 C:\Users\ce pc\Desktop\devops atelier2\AuTestWin\vendor\phpunit\phpunit\src\Framework\TestCase.php(361): PHPUnit\Framework\TestRunner->run(Object(Tests\App\Models\LigneLivraisonModelTest))
#17 C:\Users\ce pc\Desktop\devops atelier2\AuTestWin\vendor\phpunit\phpunit\src\Framework\TestSuite.php(369): PHPUnit\Framework\TestCase->run()
#18 C:\Users\ce pc\Desktop\devops atelier2\AuTestWin\vendor\phpunit\phpunit\src\TextUI\TestRunner.php(64): PHPUnit\Framework\TestSuite->run()
#19 C:\Users\ce pc\Desktop\devops atelier2\AuTestWin\vendor\phpunit\phpunit\src\TextUI\Application.php(210): PHPUnit\TextUI\TestRunner->run(Object(PHPUnit\TextUI\Configuration\Configuration), Object(PHPUnit\Runner\ResultCache\DefaultResultCache), Object(PHPUnit\Framework\TestSuite))
#20 C:\Users\ce pc\Desktop\devops atelier2\AuTestWin\vendor\phpunit\phpunit\phpunit(104): PHPUnit\TextUI\Application->run(Array)
#21 C:\Users\ce pc\Desktop\devops atelier2\AuTestWin\vendor\bin\phpunit(122): include('C:\\Users\\ce pc\\...')
#22 {main}
ERROR - 2025-04-29 22:26:14 --> mysqli_sql_exception: Table 'users' already exists in C:\Users\ce pc\Desktop\devops atelier2\AuTestWin\system\Database\MySQLi\Connection.php:327
Stack trace:
#0 C:\Users\ce pc\Desktop\devops atelier2\AuTestWin\system\Database\MySQLi\Connection.php(327): mysqli->query('CREATE TABLE `u...', 0)
#1 C:\Users\ce pc\Desktop\devops atelier2\AuTestWin\system\Database\BaseConnection.php(738): CodeIgniter\Database\MySQLi\Connection->execute('CREATE TABLE `u...')
#2 C:\Users\ce pc\Desktop\devops atelier2\AuTestWin\system\Database\BaseConnection.php(652): CodeIgniter\Database\BaseConnection->simpleQuery('CREATE TABLE `u...')
#3 C:\Users\ce pc\Desktop\devops atelier2\AuTestWin\system\Database\Forge.php(570): CodeIgniter\Database\BaseConnection->query('CREATE TABLE `u...')
#4 C:\Users\ce pc\Desktop\devops atelier2\AuTestWin\app\Database\Migrations\2025-04-20-203852_CreateUsersTable.php(27): CodeIgniter\Database\Forge->createTable('users')
#5 C:\Users\ce pc\Desktop\devops atelier2\AuTestWin\system\Database\MigrationRunner.php(866): App\Database\Migrations\CreateUsersTable->up()
#6 C:\Users\ce pc\Desktop\devops atelier2\AuTestWin\system\Database\MigrationRunner.php(182): CodeIgniter\Database\MigrationRunner->migrate('up', Object(stdClass))
#7 C:\Users\ce pc\Desktop\devops atelier2\AuTestWin\system\Test\DatabaseTestTrait.php(175): CodeIgniter\Database\MigrationRunner->latest('tests')
#8 C:\Users\ce pc\Desktop\devops atelier2\AuTestWin\system\Test\DatabaseTestTrait.php(120): Tests\App\Models\LigneLivraisonModelTest->migrateDatabase()
#9 C:\Users\ce pc\Desktop\devops atelier2\AuTestWin\system\Test\DatabaseTestTrait.php(60): Tests\App\Models\LigneLivraisonModelTest->setUpMigrate()
#10 C:\Users\ce pc\Desktop\devops atelier2\AuTestWin\system\Test\CIUnitTestCase.php(251): Tests\App\Models\LigneLivraisonModelTest->setUpDatabase()
#11 C:\Users\ce pc\Desktop\devops atelier2\AuTestWin\tests\LigneLivraisonModelTest.php(19): CodeIgniter\Test\CIUnitTestCase->setUp()
#12 C:\Users\ce pc\Desktop\devops atelier2\AuTestWin\vendor\phpunit\phpunit\src\Framework\TestCase.php(2437): Tests\App\Models\LigneLivraisonModelTest->setUp()
#13 C:\Users\ce pc\Desktop\devops atelier2\AuTestWin\vendor\phpunit\phpunit\src\Framework\TestCase.php(2340): PHPUnit\Framework\TestCase->invokeHookMethods(Object(PHPUnit\Runner\HookMethodCollection), Object(PHPUnit\Event\DispatchingEmitter), 'beforeTestMetho...', 'beforeTestMetho...', 'beforeTestMetho...')
#14 C:\Users\ce pc\Desktop\devops atelier2\AuTestWin\vendor\phpunit\phpunit\src\Framework\TestCase.php(506): PHPUnit\Framework\TestCase->invokeBeforeTestHookMethods(Array, Object(PHPUnit\Event\DispatchingEmitter))
#15 C:\Users\ce pc\Desktop\devops atelier2\AuTestWin\vendor\phpunit\phpunit\src\Framework\TestRunner\TestRunner.php(87): PHPUnit\Framework\TestCase->runBare()
#16 C:\Users\ce pc\Desktop\devops atelier2\AuTestWin\vendor\phpunit\phpunit\src\Framework\TestCase.php(361): PHPUnit\Framework\TestRunner->run(Object(Tests\App\Models\LigneLivraisonModelTest))
#17 C:\Users\ce pc\Desktop\devops atelier2\AuTestWin\vendor\phpunit\phpunit\src\Framework\TestSuite.php(369): PHPUnit\Framework\TestCase->run()
#18 C:\Users\ce pc\Desktop\devops atelier2\AuTestWin\vendor\phpunit\phpunit\src\TextUI\TestRunner.php(64): PHPUnit\Framework\TestSuite->run()
#19 C:\Users\ce pc\Desktop\devops atelier2\AuTestWin\vendor\phpunit\phpunit\src\TextUI\Application.php(210): PHPUnit\TextUI\TestRunner->run(Object(PHPUnit\TextUI\Configuration\Configuration), Object(PHPUnit\Runner\ResultCache\DefaultResultCache), Object(PHPUnit\Framework\TestSuite))
#20 C:\Users\ce pc\Desktop\devops atelier2\AuTestWin\vendor\phpunit\phpunit\phpunit(104): PHPUnit\TextUI\Application->run(Array)
#21 C:\Users\ce pc\Desktop\devops atelier2\AuTestWin\vendor\bin\phpunit(122): include('C:\\Users\\ce pc\\...')
#22 {main}
ERROR - 2025-04-29 22:26:43 --> mysqli_sql_exception: Table 'users' already exists in C:\Users\ce pc\Desktop\devops atelier2\AuTestWin\system\Database\MySQLi\Connection.php:327
Stack trace:
#0 C:\Users\ce pc\Desktop\devops atelier2\AuTestWin\system\Database\MySQLi\Connection.php(327): mysqli->query('CREATE TABLE `u...', 0)
#1 C:\Users\ce pc\Desktop\devops atelier2\AuTestWin\system\Database\BaseConnection.php(738): CodeIgniter\Database\MySQLi\Connection->execute('CREATE TABLE `u...')
#2 C:\Users\ce pc\Desktop\devops atelier2\AuTestWin\system\Database\BaseConnection.php(652): CodeIgniter\Database\BaseConnection->simpleQuery('CREATE TABLE `u...')
#3 C:\Users\ce pc\Desktop\devops atelier2\AuTestWin\system\Database\Forge.php(570): CodeIgniter\Database\BaseConnection->query('CREATE TABLE `u...')
#4 C:\Users\ce pc\Desktop\devops atelier2\AuTestWin\app\Database\Migrations\2025-04-20-203852_CreateUsersTable.php(27): CodeIgniter\Database\Forge->createTable('users')
#5 C:\Users\ce pc\Desktop\devops atelier2\AuTestWin\system\Database\MigrationRunner.php(866): App\Database\Migrations\CreateUsersTable->up()
#6 C:\Users\ce pc\Desktop\devops atelier2\AuTestWin\system\Database\MigrationRunner.php(182): CodeIgniter\Database\MigrationRunner->migrate('up', Object(stdClass))
#7 C:\Users\ce pc\Desktop\devops atelier2\AuTestWin\system\Commands\Database\Migrate.php(85): CodeIgniter\Database\MigrationRunner->latest(NULL)
#8 C:\Users\ce pc\Desktop\devops atelier2\AuTestWin\system\CLI\Commands.php(70): CodeIgniter\Commands\Database\Migrate->run(Array)
#9 C:\Users\ce pc\Desktop\devops atelier2\AuTestWin\system\CLI\Console.php(48): CodeIgniter\CLI\Commands->run('migrate', Array)
#10 C:\Users\ce pc\Desktop\devops atelier2\AuTestWin\system\Boot.php(360): CodeIgniter\CLI\Console->run()
#11 C:\Users\ce pc\Desktop\devops atelier2\AuTestWin\system\Boot.php(104): CodeIgniter\Boot::runCommand(Object(CodeIgniter\CLI\Console))
#12 C:\Users\ce pc\Desktop\devops atelier2\AuTestWin\spark(84): CodeIgniter\Boot::bootSpark(Object(Config\Paths))
#13 {main}
ERROR - 2025-04-29 22:27:48 --> mysqli_sql_exception: Table 'users' already exists in C:\Users\ce pc\Desktop\devops atelier2\AuTestWin\system\Database\MySQLi\Connection.php:327
Stack trace:
#0 C:\Users\ce pc\Desktop\devops atelier2\AuTestWin\system\Database\MySQLi\Connection.php(327): mysqli->query('CREATE TABLE `u...', 0)
#1 C:\Users\ce pc\Desktop\devops atelier2\AuTestWin\system\Database\BaseConnection.php(738): CodeIgniter\Database\MySQLi\Connection->execute('CREATE TABLE `u...')
#2 C:\Users\ce pc\Desktop\devops atelier2\AuTestWin\system\Database\BaseConnection.php(652): CodeIgniter\Database\BaseConnection->simpleQuery('CREATE TABLE `u...')
#3 C:\Users\ce pc\Desktop\devops atelier2\AuTestWin\system\Database\Forge.php(570): CodeIgniter\Database\BaseConnection->query('CREATE TABLE `u...')
#4 C:\Users\ce pc\Desktop\devops atelier2\AuTestWin\app\Database\Migrations\2025-04-20-203852_CreateUsersTable.php(27): CodeIgniter\Database\Forge->createTable('users')
#5 C:\Users\ce pc\Desktop\devops atelier2\AuTestWin\system\Database\MigrationRunner.php(866): App\Database\Migrations\CreateUsersTable->up()
#6 C:\Users\ce pc\Desktop\devops atelier2\AuTestWin\system\Database\MigrationRunner.php(182): CodeIgniter\Database\MigrationRunner->migrate('up', Object(stdClass))
#7 C:\Users\ce pc\Desktop\devops atelier2\AuTestWin\system\Test\DatabaseTestTrait.php(175): CodeIgniter\Database\MigrationRunner->latest('tests')
#8 C:\Users\ce pc\Desktop\devops atelier2\AuTestWin\system\Test\DatabaseTestTrait.php(120): Tests\App\Models\LigneLivraisonModelTest->migrateDatabase()
#9 C:\Users\ce pc\Desktop\devops atelier2\AuTestWin\system\Test\DatabaseTestTrait.php(60): Tests\App\Models\LigneLivraisonModelTest->setUpMigrate()
#10 C:\Users\ce pc\Desktop\devops atelier2\AuTestWin\system\Test\CIUnitTestCase.php(251): Tests\App\Models\LigneLivraisonModelTest->setUpDatabase()
#11 C:\Users\ce pc\Desktop\devops atelier2\AuTestWin\tests\LigneLivraisonModelTest.php(19): CodeIgniter\Test\CIUnitTestCase->setUp()
#12 C:\Users\ce pc\Desktop\devops atelier2\AuTestWin\vendor\phpunit\phpunit\src\Framework\TestCase.php(2437): Tests\App\Models\LigneLivraisonModelTest->setUp()
#13 C:\Users\ce pc\Desktop\devops atelier2\AuTestWin\vendor\phpunit\phpunit\src\Framework\TestCase.php(2340): PHPUnit\Framework\TestCase->invokeHookMethods(Object(PHPUnit\Runner\HookMethodCollection), Object(PHPUnit\Event\DispatchingEmitter), 'beforeTestMetho...', 'beforeTestMetho...', 'beforeTestMetho...')
#14 C:\Users\ce pc\Desktop\devops atelier2\AuTestWin\vendor\phpunit\phpunit\src\Framework\TestCase.php(506): PHPUnit\Framework\TestCase->invokeBeforeTestHookMethods(Array, Object(PHPUnit\Event\DispatchingEmitter))
#15 C:\Users\ce pc\Desktop\devops atelier2\AuTestWin\vendor\phpunit\phpunit\src\Framework\TestRunner\TestRunner.php(87): PHPUnit\Framework\TestCase->runBare()
#16 C:\Users\ce pc\Desktop\devops atelier2\AuTestWin\vendor\phpunit\phpunit\src\Framework\TestCase.php(361): PHPUnit\Framework\TestRunner->run(Object(Tests\App\Models\LigneLivraisonModelTest))
#17 C:\Users\ce pc\Desktop\devops atelier2\AuTestWin\vendor\phpunit\phpunit\src\Framework\TestSuite.php(369): PHPUnit\Framework\TestCase->run()
#18 C:\Users\ce pc\Desktop\devops atelier2\AuTestWin\vendor\phpunit\phpunit\src\TextUI\TestRunner.php(64): PHPUnit\Framework\TestSuite->run()
#19 C:\Users\ce pc\Desktop\devops atelier2\AuTestWin\vendor\phpunit\phpunit\src\TextUI\Application.php(210): PHPUnit\TextUI\TestRunner->run(Object(PHPUnit\TextUI\Configuration\Configuration), Object(PHPUnit\Runner\ResultCache\DefaultResultCache), Object(PHPUnit\Framework\TestSuite))
#20 C:\Users\ce pc\Desktop\devops atelier2\AuTestWin\vendor\phpunit\phpunit\phpunit(104): PHPUnit\TextUI\Application->run(Array)
#21 C:\Users\ce pc\Desktop\devops atelier2\AuTestWin\vendor\bin\phpunit(122): include('C:\\Users\\ce pc\\...')
#22 {main}
ERROR - 2025-04-29 22:28:54 --> mysqli_sql_exception: Table 'users' already exists in C:\Users\ce pc\Desktop\devops atelier2\AuTestWin\system\Database\MySQLi\Connection.php:327
Stack trace:
#0 C:\Users\ce pc\Desktop\devops atelier2\AuTestWin\system\Database\MySQLi\Connection.php(327): mysqli->query('CREATE TABLE `u...', 0)
#1 C:\Users\ce pc\Desktop\devops atelier2\AuTestWin\system\Database\BaseConnection.php(738): CodeIgniter\Database\MySQLi\Connection->execute('CREATE TABLE `u...')
#2 C:\Users\ce pc\Desktop\devops atelier2\AuTestWin\system\Database\BaseConnection.php(652): CodeIgniter\Database\BaseConnection->simpleQuery('CREATE TABLE `u...')
#3 C:\Users\ce pc\Desktop\devops atelier2\AuTestWin\system\Database\Forge.php(570): CodeIgniter\Database\BaseConnection->query('CREATE TABLE `u...')
#4 C:\Users\ce pc\Desktop\devops atelier2\AuTestWin\app\Database\Migrations\2025-04-20-203852_CreateUsersTable.php(27): CodeIgniter\Database\Forge->createTable('users')
#5 C:\Users\ce pc\Desktop\devops atelier2\AuTestWin\system\Database\MigrationRunner.php(866): App\Database\Migrations\CreateUsersTable->up()
#6 C:\Users\ce pc\Desktop\devops atelier2\AuTestWin\system\Database\MigrationRunner.php(182): CodeIgniter\Database\MigrationRunner->migrate('up', Object(stdClass))
#7 C:\Users\ce pc\Desktop\devops atelier2\AuTestWin\system\Commands\Database\Migrate.php(85): CodeIgniter\Database\MigrationRunner->latest(NULL)
#8 C:\Users\ce pc\Desktop\devops atelier2\AuTestWin\system\CLI\Commands.php(70): CodeIgniter\Commands\Database\Migrate->run(Array)
#9 C:\Users\ce pc\Desktop\devops atelier2\AuTestWin\system\CLI\Console.php(48): CodeIgniter\CLI\Commands->run('migrate', Array)
#10 C:\Users\ce pc\Desktop\devops atelier2\AuTestWin\system\Boot.php(360): CodeIgniter\CLI\Console->run()
#11 C:\Users\ce pc\Desktop\devops atelier2\AuTestWin\system\Boot.php(104): CodeIgniter\Boot::runCommand(Object(CodeIgniter\CLI\Console))
#12 C:\Users\ce pc\Desktop\devops atelier2\AuTestWin\spark(84): CodeIgniter\Boot::bootSpark(Object(Config\Paths))
#13 {main}
ERROR - 2025-04-29 22:31:50 --> mysqli_sql_exception: Table 'users' already exists in C:\Users\ce pc\Desktop\devops atelier2\AuTestWin\system\Database\MySQLi\Connection.php:327
Stack trace:
#0 C:\Users\ce pc\Desktop\devops atelier2\AuTestWin\system\Database\MySQLi\Connection.php(327): mysqli->query('CREATE TABLE `u...', 0)
#1 C:\Users\ce pc\Desktop\devops atelier2\AuTestWin\system\Database\BaseConnection.php(738): CodeIgniter\Database\MySQLi\Connection->execute('CREATE TABLE `u...')
#2 C:\Users\ce pc\Desktop\devops atelier2\AuTestWin\system\Database\BaseConnection.php(652): CodeIgniter\Database\BaseConnection->simpleQuery('CREATE TABLE `u...')
#3 C:\Users\ce pc\Desktop\devops atelier2\AuTestWin\system\Database\Forge.php(570): CodeIgniter\Database\BaseConnection->query('CREATE TABLE `u...')
#4 C:\Users\ce pc\Desktop\devops atelier2\AuTestWin\app\Database\Migrations\2025-04-20-203852_CreateUsersTable.php(27): CodeIgniter\Database\Forge->createTable('users')
#5 C:\Users\ce pc\Desktop\devops atelier2\AuTestWin\system\Database\MigrationRunner.php(866): App\Database\Migrations\CreateUsersTable->up()
#6 C:\Users\ce pc\Desktop\devops atelier2\AuTestWin\system\Database\MigrationRunner.php(182): CodeIgniter\Database\MigrationRunner->migrate('up', Object(stdClass))
#7 C:\Users\ce pc\Desktop\devops atelier2\AuTestWin\system\Commands\Database\Migrate.php(85): CodeIgniter\Database\MigrationRunner->latest(NULL)
#8 C:\Users\ce pc\Desktop\devops atelier2\AuTestWin\system\CLI\Commands.php(70): CodeIgniter\Commands\Database\Migrate->run(Array)
#9 C:\Users\ce pc\Desktop\devops atelier2\AuTestWin\system\CLI\BaseCommand.php(119): CodeIgniter\CLI\Commands->run('migrate', Array)
#10 C:\Users\ce pc\Desktop\devops atelier2\AuTestWin\system\Commands\Database\MigrateRefresh.php(87): CodeIgniter\CLI\BaseCommand->call('migrate', Array)
#11 C:\Users\ce pc\Desktop\devops atelier2\AuTestWin\system\CLI\Commands.php(70): CodeIgniter\Commands\Database\MigrateRefresh->run(Array)
#12 C:\Users\ce pc\Desktop\devops atelier2\AuTestWin\system\CLI\Console.php(48): CodeIgniter\CLI\Commands->run('migrate:refresh', Array)
#13 C:\Users\ce pc\Desktop\devops atelier2\AuTestWin\system\Boot.php(360): CodeIgniter\CLI\Console->run()
#14 C:\Users\ce pc\Desktop\devops atelier2\AuTestWin\system\Boot.php(104): CodeIgniter\Boot::runCommand(Object(CodeIgniter\CLI\Console))
#15 C:\Users\ce pc\Desktop\devops atelier2\AuTestWin\spark(84): CodeIgniter\Boot::bootSpark(Object(Config\Paths))
#16 {main}
ERROR - 2025-04-29 22:32:01 --> mysqli_sql_exception: Table 'users' already exists in C:\Users\ce pc\Desktop\devops atelier2\AuTestWin\system\Database\MySQLi\Connection.php:327
Stack trace:
#0 C:\Users\ce pc\Desktop\devops atelier2\AuTestWin\system\Database\MySQLi\Connection.php(327): mysqli->query('CREATE TABLE `u...', 0)
#1 C:\Users\ce pc\Desktop\devops atelier2\AuTestWin\system\Database\BaseConnection.php(738): CodeIgniter\Database\MySQLi\Connection->execute('CREATE TABLE `u...')
#2 C:\Users\ce pc\Desktop\devops atelier2\AuTestWin\system\Database\BaseConnection.php(652): CodeIgniter\Database\BaseConnection->simpleQuery('CREATE TABLE `u...')
#3 C:\Users\ce pc\Desktop\devops atelier2\AuTestWin\system\Database\Forge.php(570): CodeIgniter\Database\BaseConnection->query('CREATE TABLE `u...')
#4 C:\Users\ce pc\Desktop\devops atelier2\AuTestWin\app\Database\Migrations\2025-04-20-203852_CreateUsersTable.php(27): CodeIgniter\Database\Forge->createTable('users')
#5 C:\Users\ce pc\Desktop\devops atelier2\AuTestWin\system\Database\MigrationRunner.php(866): App\Database\Migrations\CreateUsersTable->up()
#6 C:\Users\ce pc\Desktop\devops atelier2\AuTestWin\system\Database\MigrationRunner.php(182): CodeIgniter\Database\MigrationRunner->migrate('up', Object(stdClass))
#7 C:\Users\ce pc\Desktop\devops atelier2\AuTestWin\system\Commands\Database\Migrate.php(85): CodeIgniter\Database\MigrationRunner->latest(NULL)
#8 C:\Users\ce pc\Desktop\devops atelier2\AuTestWin\system\CLI\Commands.php(70): CodeIgniter\Commands\Database\Migrate->run(Array)
#9 C:\Users\ce pc\Desktop\devops atelier2\AuTestWin\system\CLI\BaseCommand.php(119): CodeIgniter\CLI\Commands->run('migrate', Array)
#10 C:\Users\ce pc\Desktop\devops atelier2\AuTestWin\system\Commands\Database\MigrateRefresh.php(87): CodeIgniter\CLI\BaseCommand->call('migrate', Array)
#11 C:\Users\ce pc\Desktop\devops atelier2\AuTestWin\system\CLI\Commands.php(70): CodeIgniter\Commands\Database\MigrateRefresh->run(Array)
#12 C:\Users\ce pc\Desktop\devops atelier2\AuTestWin\system\CLI\Console.php(48): CodeIgniter\CLI\Commands->run('migrate:refresh', Array)
#13 C:\Users\ce pc\Desktop\devops atelier2\AuTestWin\system\Boot.php(360): CodeIgniter\CLI\Console->run()
#14 C:\Users\ce pc\Desktop\devops atelier2\AuTestWin\system\Boot.php(104): CodeIgniter\Boot::runCommand(Object(CodeIgniter\CLI\Console))
#15 C:\Users\ce pc\Desktop\devops atelier2\AuTestWin\spark(84): CodeIgniter\Boot::bootSpark(Object(Config\Paths))
#16 {main}
ERROR - 2025-04-29 22:32:55 --> mysqli_sql_exception: Table 'users' already exists in C:\Users\ce pc\Desktop\devops atelier2\AuTestWin\system\Database\MySQLi\Connection.php:327
Stack trace:
#0 C:\Users\ce pc\Desktop\devops atelier2\AuTestWin\system\Database\MySQLi\Connection.php(327): mysqli->query('CREATE TABLE `u...', 0)
#1 C:\Users\ce pc\Desktop\devops atelier2\AuTestWin\system\Database\BaseConnection.php(738): CodeIgniter\Database\MySQLi\Connection->execute('CREATE TABLE `u...')
#2 C:\Users\ce pc\Desktop\devops atelier2\AuTestWin\system\Database\BaseConnection.php(652): CodeIgniter\Database\BaseConnection->simpleQuery('CREATE TABLE `u...')
#3 C:\Users\ce pc\Desktop\devops atelier2\AuTestWin\system\Database\Forge.php(570): CodeIgniter\Database\BaseConnection->query('CREATE TABLE `u...')
#4 C:\Users\ce pc\Desktop\devops atelier2\AuTestWin\app\Database\Migrations\2025-04-20-203852_CreateUsersTable.php(27): CodeIgniter\Database\Forge->createTable('users')
#5 C:\Users\ce pc\Desktop\devops atelier2\AuTestWin\system\Database\MigrationRunner.php(866): App\Database\Migrations\CreateUsersTable->up()
#6 C:\Users\ce pc\Desktop\devops atelier2\AuTestWin\system\Database\MigrationRunner.php(182): CodeIgniter\Database\MigrationRunner->migrate('up', Object(stdClass))
#7 C:\Users\ce pc\Desktop\devops atelier2\AuTestWin\system\Commands\Database\Migrate.php(85): CodeIgniter\Database\MigrationRunner->latest(NULL)
#8 C:\Users\ce pc\Desktop\devops atelier2\AuTestWin\system\CLI\Commands.php(70): CodeIgniter\Commands\Database\Migrate->run(Array)
#9 C:\Users\ce pc\Desktop\devops atelier2\AuTestWin\system\CLI\BaseCommand.php(119): CodeIgniter\CLI\Commands->run('migrate', Array)
#10 C:\Users\ce pc\Desktop\devops atelier2\AuTestWin\system\Commands\Database\MigrateRefresh.php(87): CodeIgniter\CLI\BaseCommand->call('migrate', Array)
#11 C:\Users\ce pc\Desktop\devops atelier2\AuTestWin\system\CLI\Commands.php(70): CodeIgniter\Commands\Database\MigrateRefresh->run(Array)
#12 C:\Users\ce pc\Desktop\devops atelier2\AuTestWin\system\CLI\Console.php(48): CodeIgniter\CLI\Commands->run('migrate:refresh', Array)
#13 C:\Users\ce pc\Desktop\devops atelier2\AuTestWin\system\Boot.php(360): CodeIgniter\CLI\Console->run()
#14 C:\Users\ce pc\Desktop\devops atelier2\AuTestWin\system\Boot.php(104): CodeIgniter\Boot::runCommand(Object(CodeIgniter\CLI\Console))
#15 C:\Users\ce pc\Desktop\devops atelier2\AuTestWin\spark(84): CodeIgniter\Boot::bootSpark(Object(Config\Paths))
#16 {main}
ERROR - 2025-04-29 22:33:24 --> mysqli_sql_exception: Table 'users' already exists in C:\Users\ce pc\Desktop\devops atelier2\AuTestWin\system\Database\MySQLi\Connection.php:327
Stack trace:
#0 C:\Users\ce pc\Desktop\devops atelier2\AuTestWin\system\Database\MySQLi\Connection.php(327): mysqli->query('CREATE TABLE `u...', 0)
#1 C:\Users\ce pc\Desktop\devops atelier2\AuTestWin\system\Database\BaseConnection.php(738): CodeIgniter\Database\MySQLi\Connection->execute('CREATE TABLE `u...')
#2 C:\Users\ce pc\Desktop\devops atelier2\AuTestWin\system\Database\BaseConnection.php(652): CodeIgniter\Database\BaseConnection->simpleQuery('CREATE TABLE `u...')
#3 C:\Users\ce pc\Desktop\devops atelier2\AuTestWin\system\Database\Forge.php(570): CodeIgniter\Database\BaseConnection->query('CREATE TABLE `u...')
#4 C:\Users\ce pc\Desktop\devops atelier2\AuTestWin\app\Database\Migrations\2025-04-20-203852_CreateUsersTable.php(27): CodeIgniter\Database\Forge->createTable('users')
#5 C:\Users\ce pc\Desktop\devops atelier2\AuTestWin\system\Database\MigrationRunner.php(866): App\Database\Migrations\CreateUsersTable->up()
#6 C:\Users\ce pc\Desktop\devops atelier2\AuTestWin\system\Database\MigrationRunner.php(182): CodeIgniter\Database\MigrationRunner->migrate('up', Object(stdClass))
#7 C:\Users\ce pc\Desktop\devops atelier2\AuTestWin\system\Commands\Database\Migrate.php(85): CodeIgniter\Database\MigrationRunner->latest(NULL)
#8 C:\Users\ce pc\Desktop\devops atelier2\AuTestWin\system\CLI\Commands.php(70): CodeIgniter\Commands\Database\Migrate->run(Array)
#9 C:\Users\ce pc\Desktop\devops atelier2\AuTestWin\system\CLI\Console.php(48): CodeIgniter\CLI\Commands->run('migrate', Array)
#10 C:\Users\ce pc\Desktop\devops atelier2\AuTestWin\system\Boot.php(360): CodeIgniter\CLI\Console->run()
#11 C:\Users\ce pc\Desktop\devops atelier2\AuTestWin\system\Boot.php(104): CodeIgniter\Boot::runCommand(Object(CodeIgniter\CLI\Console))
#12 C:\Users\ce pc\Desktop\devops atelier2\AuTestWin\spark(84): CodeIgniter\Boot::bootSpark(Object(Config\Paths))
#13 {main}
ERROR - 2025-04-29 22:35:25 --> mysqli_sql_exception: Table 'users' already exists in C:\Users\ce pc\Desktop\devops atelier2\AuTestWin\system\Database\MySQLi\Connection.php:327
Stack trace:
#0 C:\Users\ce pc\Desktop\devops atelier2\AuTestWin\system\Database\MySQLi\Connection.php(327): mysqli->query('CREATE TABLE `u...', 0)
#1 C:\Users\ce pc\Desktop\devops atelier2\AuTestWin\system\Database\BaseConnection.php(738): CodeIgniter\Database\MySQLi\Connection->execute('CREATE TABLE `u...')
#2 C:\Users\ce pc\Desktop\devops atelier2\AuTestWin\system\Database\BaseConnection.php(652): CodeIgniter\Database\BaseConnection->simpleQuery('CREATE TABLE `u...')
#3 C:\Users\ce pc\Desktop\devops atelier2\AuTestWin\system\Database\Forge.php(570): CodeIgniter\Database\BaseConnection->query('CREATE TABLE `u...')
#4 C:\Users\ce pc\Desktop\devops atelier2\AuTestWin\app\Database\Migrations\2025-04-20-203852_CreateUsersTable.php(27): CodeIgniter\Database\Forge->createTable('users')
#5 C:\Users\ce pc\Desktop\devops atelier2\AuTestWin\system\Database\MigrationRunner.php(866): App\Database\Migrations\CreateUsersTable->up()
#6 C:\Users\ce pc\Desktop\devops atelier2\AuTestWin\system\Database\MigrationRunner.php(182): CodeIgniter\Database\MigrationRunner->migrate('up', Object(stdClass))
#7 C:\Users\ce pc\Desktop\devops atelier2\AuTestWin\system\Commands\Database\Migrate.php(85): CodeIgniter\Database\MigrationRunner->latest(NULL)
#8 C:\Users\ce pc\Desktop\devops atelier2\AuTestWin\system\CLI\Commands.php(70): CodeIgniter\Commands\Database\Migrate->run(Array)
#9 C:\Users\ce pc\Desktop\devops atelier2\AuTestWin\system\CLI\Console.php(48): CodeIgniter\CLI\Commands->run('migrate', Array)
#10 C:\Users\ce pc\Desktop\devops atelier2\AuTestWin\system\Boot.php(360): CodeIgniter\CLI\Console->run()
#11 C:\Users\ce pc\Desktop\devops atelier2\AuTestWin\system\Boot.php(104): CodeIgniter\Boot::runCommand(Object(CodeIgniter\CLI\Console))
#12 C:\Users\ce pc\Desktop\devops atelier2\AuTestWin\spark(84): CodeIgniter\Boot::bootSpark(Object(Config\Paths))
#13 {main}
ERROR - 2025-04-29 22:36:11 --> mysqli_sql_exception: Table 'users' already exists in C:\Users\ce pc\Desktop\devops atelier2\AuTestWin\system\Database\MySQLi\Connection.php:327
Stack trace:
#0 C:\Users\ce pc\Desktop\devops atelier2\AuTestWin\system\Database\MySQLi\Connection.php(327): mysqli->query('CREATE TABLE `u...', 0)
#1 C:\Users\ce pc\Desktop\devops atelier2\AuTestWin\system\Database\BaseConnection.php(738): CodeIgniter\Database\MySQLi\Connection->execute('CREATE TABLE `u...')
#2 C:\Users\ce pc\Desktop\devops atelier2\AuTestWin\system\Database\BaseConnection.php(652): CodeIgniter\Database\BaseConnection->simpleQuery('CREATE TABLE `u...')
#3 C:\Users\ce pc\Desktop\devops atelier2\AuTestWin\system\Database\Forge.php(570): CodeIgniter\Database\BaseConnection->query('CREATE TABLE `u...')
#4 C:\Users\ce pc\Desktop\devops atelier2\AuTestWin\app\Database\Migrations\2025-04-20-203852_CreateUsersTable.php(27): CodeIgniter\Database\Forge->createTable('users')
#5 C:\Users\ce pc\Desktop\devops atelier2\AuTestWin\system\Database\MigrationRunner.php(866): App\Database\Migrations\CreateUsersTable->up()
#6 C:\Users\ce pc\Desktop\devops atelier2\AuTestWin\system\Database\MigrationRunner.php(182): CodeIgniter\Database\MigrationRunner->migrate('up', Object(stdClass))
#7 C:\Users\ce pc\Desktop\devops atelier2\AuTestWin\system\Test\DatabaseTestTrait.php(175): CodeIgniter\Database\MigrationRunner->latest('tests')
#8 C:\Users\ce pc\Desktop\devops atelier2\AuTestWin\system\Test\DatabaseTestTrait.php(120): Tests\App\Models\LigneLivraisonModelTest->migrateDatabase()
#9 C:\Users\ce pc\Desktop\devops atelier2\AuTestWin\system\Test\DatabaseTestTrait.php(60): Tests\App\Models\LigneLivraisonModelTest->setUpMigrate()
#10 C:\Users\ce pc\Desktop\devops atelier2\AuTestWin\system\Test\CIUnitTestCase.php(251): Tests\App\Models\LigneLivraisonModelTest->setUpDatabase()
#11 C:\Users\ce pc\Desktop\devops atelier2\AuTestWin\tests\LigneLivraisonModelTest.php(19): CodeIgniter\Test\CIUnitTestCase->setUp()
#12 C:\Users\ce pc\Desktop\devops atelier2\AuTestWin\vendor\phpunit\phpunit\src\Framework\TestCase.php(2437): Tests\App\Models\LigneLivraisonModelTest->setUp()
#13 C:\Users\ce pc\Desktop\devops atelier2\AuTestWin\vendor\phpunit\phpunit\src\Framework\TestCase.php(2340): PHPUnit\Framework\TestCase->invokeHookMethods(Object(PHPUnit\Runner\HookMethodCollection), Object(PHPUnit\Event\DispatchingEmitter), 'beforeTestMetho...', 'beforeTestMetho...', 'beforeTestMetho...')
#14 C:\Users\ce pc\Desktop\devops atelier2\AuTestWin\vendor\phpunit\phpunit\src\Framework\TestCase.php(506): PHPUnit\Framework\TestCase->invokeBeforeTestHookMethods(Array, Object(PHPUnit\Event\DispatchingEmitter))
#15 C:\Users\ce pc\Desktop\devops atelier2\AuTestWin\vendor\phpunit\phpunit\src\Framework\TestRunner\TestRunner.php(87): PHPUnit\Framework\TestCase->runBare()
#16 C:\Users\ce pc\Desktop\devops atelier2\AuTestWin\vendor\phpunit\phpunit\src\Framework\TestCase.php(361): PHPUnit\Framework\TestRunner->run(Object(Tests\App\Models\LigneLivraisonModelTest))
#17 C:\Users\ce pc\Desktop\devops atelier2\AuTestWin\vendor\phpunit\phpunit\src\Framework\TestSuite.php(369): PHPUnit\Framework\TestCase->run()
#18 C:\Users\ce pc\Desktop\devops atelier2\AuTestWin\vendor\phpunit\phpunit\src\TextUI\TestRunner.php(64): PHPUnit\Framework\TestSuite->run()
#19 C:\Users\ce pc\Desktop\devops atelier2\AuTestWin\vendor\phpunit\phpunit\src\TextUI\Application.php(210): PHPUnit\TextUI\TestRunner->run(Object(PHPUnit\TextUI\Configuration\Configuration), Object(PHPUnit\Runner\ResultCache\DefaultResultCache), Object(PHPUnit\Framework\TestSuite))
#20 C:\Users\ce pc\Desktop\devops atelier2\AuTestWin\vendor\phpunit\phpunit\phpunit(104): PHPUnit\TextUI\Application->run(Array)
#21 C:\Users\ce pc\Desktop\devops atelier2\AuTestWin\vendor\bin\phpunit(122): include('C:\\Users\\ce pc\\...')
#22 {main}
ERROR - 2025-04-29 22:36:14 --> mysqli_sql_exception: Table 'users' already exists in C:\Users\ce pc\Desktop\devops atelier2\AuTestWin\system\Database\MySQLi\Connection.php:327
Stack trace:
#0 C:\Users\ce pc\Desktop\devops atelier2\AuTestWin\system\Database\MySQLi\Connection.php(327): mysqli->query('CREATE TABLE `u...', 0)
#1 C:\Users\ce pc\Desktop\devops atelier2\AuTestWin\system\Database\BaseConnection.php(738): CodeIgniter\Database\MySQLi\Connection->execute('CREATE TABLE `u...')
#2 C:\Users\ce pc\Desktop\devops atelier2\AuTestWin\system\Database\BaseConnection.php(652): CodeIgniter\Database\BaseConnection->simpleQuery('CREATE TABLE `u...')
#3 C:\Users\ce pc\Desktop\devops atelier2\AuTestWin\system\Database\Forge.php(570): CodeIgniter\Database\BaseConnection->query('CREATE TABLE `u...')
#4 C:\Users\ce pc\Desktop\devops atelier2\AuTestWin\app\Database\Migrations\2025-04-20-203852_CreateUsersTable.php(27): CodeIgniter\Database\Forge->createTable('users')
#5 C:\Users\ce pc\Desktop\devops atelier2\AuTestWin\system\Database\MigrationRunner.php(866): App\Database\Migrations\CreateUsersTable->up()
#6 C:\Users\ce pc\Desktop\devops atelier2\AuTestWin\system\Database\MigrationRunner.php(182): CodeIgniter\Database\MigrationRunner->migrate('up', Object(stdClass))
#7 C:\Users\ce pc\Desktop\devops atelier2\AuTestWin\system\Test\DatabaseTestTrait.php(175): CodeIgniter\Database\MigrationRunner->latest('tests')
#8 C:\Users\ce pc\Desktop\devops atelier2\AuTestWin\system\Test\DatabaseTestTrait.php(120): Tests\App\Models\LigneLivraisonModelTest->migrateDatabase()
#9 C:\Users\ce pc\Desktop\devops atelier2\AuTestWin\system\Test\DatabaseTestTrait.php(60): Tests\App\Models\LigneLivraisonModelTest->setUpMigrate()
#10 C:\Users\ce pc\Desktop\devops atelier2\AuTestWin\system\Test\CIUnitTestCase.php(251): Tests\App\Models\LigneLivraisonModelTest->setUpDatabase()
#11 C:\Users\ce pc\Desktop\devops atelier2\AuTestWin\tests\LigneLivraisonModelTest.php(19): CodeIgniter\Test\CIUnitTestCase->setUp()
#12 C:\Users\ce pc\Desktop\devops atelier2\AuTestWin\vendor\phpunit\phpunit\src\Framework\TestCase.php(2437): Tests\App\Models\LigneLivraisonModelTest->setUp()
#13 C:\Users\ce pc\Desktop\devops atelier2\AuTestWin\vendor\phpunit\phpunit\src\Framework\TestCase.php(2340): PHPUnit\Framework\TestCase->invokeHookMethods(Object(PHPUnit\Runner\HookMethodCollection), Object(PHPUnit\Event\DispatchingEmitter), 'beforeTestMetho...', 'beforeTestMetho...', 'beforeTestMetho...')
#14 C:\Users\ce pc\Desktop\devops atelier2\AuTestWin\vendor\phpunit\phpunit\src\Framework\TestCase.php(506): PHPUnit\Framework\TestCase->invokeBeforeTestHookMethods(Array, Object(PHPUnit\Event\DispatchingEmitter))
#15 C:\Users\ce pc\Desktop\devops atelier2\AuTestWin\vendor\phpunit\phpunit\src\Framework\TestRunner\TestRunner.php(87): PHPUnit\Framework\TestCase->runBare()
#16 C:\Users\ce pc\Desktop\devops atelier2\AuTestWin\vendor\phpunit\phpunit\src\Framework\TestCase.php(361): PHPUnit\Framework\TestRunner->run(Object(Tests\App\Models\LigneLivraisonModelTest))
#17 C:\Users\ce pc\Desktop\devops atelier2\AuTestWin\vendor\phpunit\phpunit\src\Framework\TestSuite.php(369): PHPUnit\Framework\TestCase->run()
#18 C:\Users\ce pc\Desktop\devops atelier2\AuTestWin\vendor\phpunit\phpunit\src\TextUI\TestRunner.php(64): PHPUnit\Framework\TestSuite->run()
#19 C:\Users\ce pc\Desktop\devops atelier2\AuTestWin\vendor\phpunit\phpunit\src\TextUI\Application.php(210): PHPUnit\TextUI\TestRunner->run(Object(PHPUnit\TextUI\Configuration\Configuration), Object(PHPUnit\Runner\ResultCache\DefaultResultCache), Object(PHPUnit\Framework\TestSuite))
#20 C:\Users\ce pc\Desktop\devops atelier2\AuTestWin\vendor\phpunit\phpunit\phpunit(104): PHPUnit\TextUI\Application->run(Array)
#21 C:\Users\ce pc\Desktop\devops atelier2\AuTestWin\vendor\bin\phpunit(122): include('C:\\Users\\ce pc\\...')
#22 {main}
