ERROR - 2025-04-23 08:42:08 --> Error connecting to the database: mysqli_sql_exception: No connection could be made because the target machine actively refused it in C:\Users\ce pc\Desktop\devops atelier2\AuTestWin\system\Database\MySQLi\Connection.php:201
Stack trace:
#0 C:\Users\ce pc\Desktop\devops atelier2\AuTestWin\system\Database\MySQLi\Connection.php(201): mysqli->real_connect('127.0.0.1', 'root', Object(SensitiveParameterValue), 'devops_tp', 3306, '', 0)
#1 C:\Users\ce pc\Desktop\devops atelier2\AuTestWin\system\Database\BaseConnection.php(421): CodeIgniter\Database\MySQLi\Connection->connect(false)
#2 C:\Users\ce pc\Desktop\devops atelier2\AuTestWin\system\Database\BaseConnection.php(620): CodeIgniter\Database\BaseConnection->initialize()
#3 C:\Users\ce pc\Desktop\devops atelier2\AuTestWin\system\Database\BaseConnection.php(1525): CodeIgniter\Database\BaseConnection->query('SHOW TABLES FRO...')
#4 C:\Users\ce pc\Desktop\devops atelier2\AuTestWin\system\Database\BaseConnection.php(1545): CodeIgniter\Database\BaseConnection->listTables()
#5 C:\Users\ce pc\Desktop\devops atelier2\AuTestWin\system\Database\MigrationRunner.php(758): CodeIgniter\Database\BaseConnection->tableExists('migrations')
#6 C:\Users\ce pc\Desktop\devops atelier2\AuTestWin\system\Database\MigrationRunner.php(162): CodeIgniter\Database\MigrationRunner->ensureTable()
#7 C:\Users\ce pc\Desktop\devops atelier2\AuTestWin\system\Commands\Database\Migrate.php(85): CodeIgniter\Database\MigrationRunner->latest(NULL)
#8 C:\Users\ce pc\Desktop\devops atelier2\AuTestWin\system\CLI\Commands.php(70): CodeIgniter\Commands\Database\Migrate->run(Array)
#9 C:\Users\ce pc\Desktop\devops atelier2\AuTestWin\system\CLI\Console.php(48): CodeIgniter\CLI\Commands->run('migrate', Array)
#10 C:\Users\ce pc\Desktop\devops atelier2\AuTestWin\system\Boot.php(360): CodeIgniter\CLI\Console->run()
#11 C:\Users\ce pc\Desktop\devops atelier2\AuTestWin\system\Boot.php(104): CodeIgniter\Boot::runCommand(Object(CodeIgniter\CLI\Console))
#12 C:\Users\ce pc\Desktop\devops atelier2\AuTestWin\spark(84): CodeIgniter\Boot::bootSpark(Object(Config\Paths))
#13 {main}

Next CodeIgniter\Database\Exceptions\DatabaseException: No connection could be made because the target machine actively refused it in C:\Users\ce pc\Desktop\devops atelier2\AuTestWin\system\Database\MySQLi\Connection.php:246
Stack trace:
#0 C:\Users\ce pc\Desktop\devops atelier2\AuTestWin\system\Database\BaseConnection.php(421): CodeIgniter\Database\MySQLi\Connection->connect(false)
#1 C:\Users\ce pc\Desktop\devops atelier2\AuTestWin\system\Database\BaseConnection.php(620): CodeIgniter\Database\BaseConnection->initialize()
#2 C:\Users\ce pc\Desktop\devops atelier2\AuTestWin\system\Database\BaseConnection.php(1525): CodeIgniter\Database\BaseConnection->query('SHOW TABLES FRO...')
#3 C:\Users\ce pc\Desktop\devops atelier2\AuTestWin\system\Database\BaseConnection.php(1545): CodeIgniter\Database\BaseConnection->listTables()
#4 C:\Users\ce pc\Desktop\devops atelier2\AuTestWin\system\Database\MigrationRunner.php(758): CodeIgniter\Database\BaseConnection->tableExists('migrations')
#5 C:\Users\ce pc\Desktop\devops atelier2\AuTestWin\system\Database\MigrationRunner.php(162): CodeIgniter\Database\MigrationRunner->ensureTable()
#6 C:\Users\ce pc\Desktop\devops atelier2\AuTestWin\system\Commands\Database\Migrate.php(85): CodeIgniter\Database\MigrationRunner->latest(NULL)
#7 C:\Users\ce pc\Desktop\devops atelier2\AuTestWin\system\CLI\Commands.php(70): CodeIgniter\Commands\Database\Migrate->run(Array)
#8 C:\Users\ce pc\Desktop\devops atelier2\AuTestWin\system\CLI\Console.php(48): CodeIgniter\CLI\Commands->run('migrate', Array)
#9 C:\Users\ce pc\Desktop\devops atelier2\AuTestWin\system\Boot.php(360): CodeIgniter\CLI\Console->run()
#10 C:\Users\ce pc\Desktop\devops atelier2\AuTestWin\system\Boot.php(104): CodeIgniter\Boot::runCommand(Object(CodeIgniter\CLI\Console))
#11 C:\Users\ce pc\Desktop\devops atelier2\AuTestWin\spark(84): CodeIgniter\Boot::bootSpark(Object(Config\Paths))
#12 {main}
ERROR - 2025-04-23 08:42:35 --> mysqli_sql_exception: Table 'users' already exists in C:\Users\ce pc\Desktop\devops atelier2\AuTestWin\system\Database\MySQLi\Connection.php:327
Stack trace:
#0 C:\Users\ce pc\Desktop\devops atelier2\AuTestWin\system\Database\MySQLi\Connection.php(327): mysqli->query('CREATE TABLE `u...', 0)
#1 C:\Users\ce pc\Desktop\devops atelier2\AuTestWin\system\Database\BaseConnection.php(738): CodeIgniter\Database\MySQLi\Connection->execute('CREATE TABLE `u...')
#2 C:\Users\ce pc\Desktop\devops atelier2\AuTestWin\system\Database\BaseConnection.php(652): CodeIgniter\Database\BaseConnection->simpleQuery('CREATE TABLE `u...')
#3 C:\Users\ce pc\Desktop\devops atelier2\AuTestWin\system\Database\Forge.php(570): CodeIgniter\Database\BaseConnection->query('CREATE TABLE `u...')
#4 C:\Users\ce pc\Desktop\devops atelier2\AuTestWin\app\Database\Migrations\2025-04-20-203852_CreateUsersTable.php(27): CodeIgniter\Database\Forge->createTable('users')
#5 C:\Users\ce pc\Desktop\devops atelier2\AuTestWin\system\Database\MigrationRunner.php(866): App\Database\Migrations\CreateUsersTable->up()
#6 C:\Users\ce pc\Desktop\devops atelier2\AuTestWin\system\Database\MigrationRunner.php(182): CodeIgniter\Database\MigrationRunner->migrate('up', Object(stdClass))
#7 C:\Users\ce pc\Desktop\devops atelier2\AuTestWin\system\Commands\Database\Migrate.php(85): CodeIgniter\Database\MigrationRunner->latest(NULL)
#8 C:\Users\ce pc\Desktop\devops atelier2\AuTestWin\system\CLI\Commands.php(70): CodeIgniter\Commands\Database\Migrate->run(Array)
#9 C:\Users\ce pc\Desktop\devops atelier2\AuTestWin\system\CLI\Console.php(48): CodeIgniter\CLI\Commands->run('migrate', Array)
#10 C:\Users\ce pc\Desktop\devops atelier2\AuTestWin\system\Boot.php(360): CodeIgniter\CLI\Console->run()
#11 C:\Users\ce pc\Desktop\devops atelier2\AuTestWin\system\Boot.php(104): CodeIgniter\Boot::runCommand(Object(CodeIgniter\CLI\Console))
#12 C:\Users\ce pc\Desktop\devops atelier2\AuTestWin\spark(84): CodeIgniter\Boot::bootSpark(Object(Config\Paths))
#13 {main}
ERROR - 2025-04-23 08:51:34 --> mysqli_sql_exception: Duplicate entry 'jda@gk.mt' for key 'email' in C:\Users\ce pc\Desktop\devops atelier2\AuTestWin\system\Database\MySQLi\Connection.php:327
Stack trace:
#0 C:\Users\ce pc\Desktop\devops atelier2\AuTestWin\system\Database\MySQLi\Connection.php(327): mysqli->query('INSERT INTO `us...', 0)
#1 C:\Users\ce pc\Desktop\devops atelier2\AuTestWin\system\Database\BaseConnection.php(738): CodeIgniter\Database\MySQLi\Connection->execute('INSERT INTO `us...')
#2 C:\Users\ce pc\Desktop\devops atelier2\AuTestWin\system\Database\BaseConnection.php(652): CodeIgniter\Database\BaseConnection->simpleQuery('INSERT INTO `us...')
#3 C:\Users\ce pc\Desktop\devops atelier2\AuTestWin\system\Database\BaseBuilder.php(2345): CodeIgniter\Database\BaseConnection->query('INSERT INTO `us...', Array, false)
#4 C:\Users\ce pc\Desktop\devops atelier2\AuTestWin\system\Model.php(394): CodeIgniter\Database\BaseBuilder->insert()
#5 C:\Users\ce pc\Desktop\devops atelier2\AuTestWin\system\BaseModel.php(839): CodeIgniter\Model->doInsert(Array)
#6 C:\Users\ce pc\Desktop\devops atelier2\AuTestWin\system\Model.php(800): CodeIgniter\BaseModel->insert(Array, true)
#7 C:\Users\ce pc\Desktop\devops atelier2\AuTestWin\tests\UserModelTest.php(21): CodeIgniter\Model->insert(Array)
#8 C:\Users\ce pc\Desktop\devops atelier2\AuTestWin\vendor\phpunit\phpunit\src\Framework\TestCase.php(1656): App\Tests\Models\UserModelTest->testInsertUser()
#9 C:\Users\ce pc\Desktop\devops atelier2\AuTestWin\vendor\phpunit\phpunit\src\Framework\TestCase.php(514): PHPUnit\Framework\TestCase->runTest()
#10 C:\Users\ce pc\Desktop\devops atelier2\AuTestWin\vendor\phpunit\phpunit\src\Framework\TestRunner\TestRunner.php(87): PHPUnit\Framework\TestCase->runBare()
#11 C:\Users\ce pc\Desktop\devops atelier2\AuTestWin\vendor\phpunit\phpunit\src\Framework\TestCase.php(361): PHPUnit\Framework\TestRunner->run(Object(App\Tests\Models\UserModelTest))
#12 C:\Users\ce pc\Desktop\devops atelier2\AuTestWin\vendor\phpunit\phpunit\src\Framework\TestSuite.php(369): PHPUnit\Framework\TestCase->run()
#13 C:\Users\ce pc\Desktop\devops atelier2\AuTestWin\vendor\phpunit\phpunit\src\TextUI\TestRunner.php(64): PHPUnit\Framework\TestSuite->run()
#14 C:\Users\ce pc\Desktop\devops atelier2\AuTestWin\vendor\phpunit\phpunit\src\TextUI\Application.php(210): PHPUnit\TextUI\TestRunner->run(Object(PHPUnit\TextUI\Configuration\Configuration), Object(PHPUnit\Runner\ResultCache\DefaultResultCache), Object(PHPUnit\Framework\TestSuite))
#15 C:\Users\ce pc\Desktop\devops atelier2\AuTestWin\vendor\phpunit\phpunit\phpunit(104): PHPUnit\TextUI\Application->run(Array)
#16 C:\Users\ce pc\Desktop\devops atelier2\AuTestWin\vendor\bin\phpunit(122): include('C:\\Users\\ce pc\\...')
#17 {main}
ERROR - 2025-04-23 09:05:13 --> mysqli_sql_exception: MySQL server has gone away in C:\Users\ce pc\Desktop\devops atelier2\AuTestWin\system\Database\MySQLi\Connection.php:327
Stack trace:
#0 C:\Users\ce pc\Desktop\devops atelier2\AuTestWin\system\Database\MySQLi\Connection.php(327): mysqli->query('SELECT *\nFROM `...', 0)
#1 C:\Users\ce pc\Desktop\devops atelier2\AuTestWin\system\Database\BaseConnection.php(738): CodeIgniter\Database\MySQLi\Connection->execute('SELECT *\nFROM `...')
#2 C:\Users\ce pc\Desktop\devops atelier2\AuTestWin\system\Database\BaseConnection.php(652): CodeIgniter\Database\BaseConnection->simpleQuery('SELECT *\nFROM `...')
#3 C:\Users\ce pc\Desktop\devops atelier2\AuTestWin\system\Database\BaseBuilder.php(1649): CodeIgniter\Database\BaseConnection->query('SELECT *\nFROM `...', Array, false)
#4 C:\Users\ce pc\Desktop\devops atelier2\AuTestWin\system\Database\MigrationRunner.php(652): CodeIgniter\Database\BaseBuilder->get()
#5 C:\Users\ce pc\Desktop\devops atelier2\AuTestWin\system\Database\MigrationRunner.php(175): CodeIgniter\Database\MigrationRunner->getHistory('')
#6 C:\Users\ce pc\Desktop\devops atelier2\AuTestWin\system\Commands\Database\Migrate.php(85): CodeIgniter\Database\MigrationRunner->latest(NULL)
#7 C:\Users\ce pc\Desktop\devops atelier2\AuTestWin\system\CLI\Commands.php(70): CodeIgniter\Commands\Database\Migrate->run(Array)
#8 C:\Users\ce pc\Desktop\devops atelier2\AuTestWin\system\CLI\Console.php(48): CodeIgniter\CLI\Commands->run('migrate', Array)
#9 C:\Users\ce pc\Desktop\devops atelier2\AuTestWin\system\Boot.php(360): CodeIgniter\CLI\Console->run()
#10 C:\Users\ce pc\Desktop\devops atelier2\AuTestWin\system\Boot.php(104): CodeIgniter\Boot::runCommand(Object(CodeIgniter\CLI\Console))
#11 C:\Users\ce pc\Desktop\devops atelier2\AuTestWin\spark(84): CodeIgniter\Boot::bootSpark(Object(Config\Paths))
#12 {main}
ERROR - 2025-04-23 09:05:52 --> mysqli_sql_exception: Table 'devopss.migrations' doesn't exist in engine in C:\Users\ce pc\Desktop\devops atelier2\AuTestWin\system\Database\MySQLi\Connection.php:327
Stack trace:
#0 C:\Users\ce pc\Desktop\devops atelier2\AuTestWin\system\Database\MySQLi\Connection.php(327): mysqli->query('SELECT *\nFROM `...', 0)
#1 C:\Users\ce pc\Desktop\devops atelier2\AuTestWin\system\Database\BaseConnection.php(738): CodeIgniter\Database\MySQLi\Connection->execute('SELECT *\nFROM `...')
#2 C:\Users\ce pc\Desktop\devops atelier2\AuTestWin\system\Database\BaseConnection.php(652): CodeIgniter\Database\BaseConnection->simpleQuery('SELECT *\nFROM `...')
#3 C:\Users\ce pc\Desktop\devops atelier2\AuTestWin\system\Database\BaseBuilder.php(1649): CodeIgniter\Database\BaseConnection->query('SELECT *\nFROM `...', Array, false)
#4 C:\Users\ce pc\Desktop\devops atelier2\AuTestWin\system\Database\MigrationRunner.php(652): CodeIgniter\Database\BaseBuilder->get()
#5 C:\Users\ce pc\Desktop\devops atelier2\AuTestWin\system\Database\MigrationRunner.php(175): CodeIgniter\Database\MigrationRunner->getHistory('')
#6 C:\Users\ce pc\Desktop\devops atelier2\AuTestWin\system\Commands\Database\Migrate.php(85): CodeIgniter\Database\MigrationRunner->latest(NULL)
#7 C:\Users\ce pc\Desktop\devops atelier2\AuTestWin\system\CLI\Commands.php(70): CodeIgniter\Commands\Database\Migrate->run(Array)
#8 C:\Users\ce pc\Desktop\devops atelier2\AuTestWin\system\CLI\Console.php(48): CodeIgniter\CLI\Commands->run('migrate', Array)
#9 C:\Users\ce pc\Desktop\devops atelier2\AuTestWin\system\Boot.php(360): CodeIgniter\CLI\Console->run()
#10 C:\Users\ce pc\Desktop\devops atelier2\AuTestWin\system\Boot.php(104): CodeIgniter\Boot::runCommand(Object(CodeIgniter\CLI\Console))
#11 C:\Users\ce pc\Desktop\devops atelier2\AuTestWin\spark(84): CodeIgniter\Boot::bootSpark(Object(Config\Paths))
#12 {main}
ERROR - 2025-04-23 09:06:06 --> mysqli_sql_exception: Table 'devopss.migrations' doesn't exist in engine in C:\Users\ce pc\Desktop\devops atelier2\AuTestWin\system\Database\MySQLi\Connection.php:327
Stack trace:
#0 C:\Users\ce pc\Desktop\devops atelier2\AuTestWin\system\Database\MySQLi\Connection.php(327): mysqli->query('SELECT *\nFROM `...', 0)
#1 C:\Users\ce pc\Desktop\devops atelier2\AuTestWin\system\Database\BaseConnection.php(738): CodeIgniter\Database\MySQLi\Connection->execute('SELECT *\nFROM `...')
#2 C:\Users\ce pc\Desktop\devops atelier2\AuTestWin\system\Database\BaseConnection.php(652): CodeIgniter\Database\BaseConnection->simpleQuery('SELECT *\nFROM `...')
#3 C:\Users\ce pc\Desktop\devops atelier2\AuTestWin\system\Database\BaseBuilder.php(1649): CodeIgniter\Database\BaseConnection->query('SELECT *\nFROM `...', Array, false)
#4 C:\Users\ce pc\Desktop\devops atelier2\AuTestWin\system\Database\MigrationRunner.php(652): CodeIgniter\Database\BaseBuilder->get()
#5 C:\Users\ce pc\Desktop\devops atelier2\AuTestWin\system\Database\MigrationRunner.php(175): CodeIgniter\Database\MigrationRunner->getHistory('')
#6 C:\Users\ce pc\Desktop\devops atelier2\AuTestWin\system\Commands\Database\Migrate.php(85): CodeIgniter\Database\MigrationRunner->latest(NULL)
#7 C:\Users\ce pc\Desktop\devops atelier2\AuTestWin\system\CLI\Commands.php(70): CodeIgniter\Commands\Database\Migrate->run(Array)
#8 C:\Users\ce pc\Desktop\devops atelier2\AuTestWin\system\CLI\Console.php(48): CodeIgniter\CLI\Commands->run('migrate', Array)
#9 C:\Users\ce pc\Desktop\devops atelier2\AuTestWin\system\Boot.php(360): CodeIgniter\CLI\Console->run()
#10 C:\Users\ce pc\Desktop\devops atelier2\AuTestWin\system\Boot.php(104): CodeIgniter\Boot::runCommand(Object(CodeIgniter\CLI\Console))
#11 C:\Users\ce pc\Desktop\devops atelier2\AuTestWin\spark(84): CodeIgniter\Boot::bootSpark(Object(Config\Paths))
#12 {main}
ERROR - 2025-04-23 09:06:47 --> mysqli_sql_exception: Table 'devopss.migrations' doesn't exist in engine in C:\Users\ce pc\Desktop\devops atelier2\AuTestWin\system\Database\MySQLi\Connection.php:327
Stack trace:
#0 C:\Users\ce pc\Desktop\devops atelier2\AuTestWin\system\Database\MySQLi\Connection.php(327): mysqli->query('SELECT *\nFROM `...', 0)
#1 C:\Users\ce pc\Desktop\devops atelier2\AuTestWin\system\Database\BaseConnection.php(738): CodeIgniter\Database\MySQLi\Connection->execute('SELECT *\nFROM `...')
#2 C:\Users\ce pc\Desktop\devops atelier2\AuTestWin\system\Database\BaseConnection.php(652): CodeIgniter\Database\BaseConnection->simpleQuery('SELECT *\nFROM `...')
#3 C:\Users\ce pc\Desktop\devops atelier2\AuTestWin\system\Database\BaseBuilder.php(1649): CodeIgniter\Database\BaseConnection->query('SELECT *\nFROM `...', Array, false)
#4 C:\Users\ce pc\Desktop\devops atelier2\AuTestWin\system\Database\MigrationRunner.php(652): CodeIgniter\Database\BaseBuilder->get()
#5 C:\Users\ce pc\Desktop\devops atelier2\AuTestWin\system\Database\MigrationRunner.php(175): CodeIgniter\Database\MigrationRunner->getHistory('')
#6 C:\Users\ce pc\Desktop\devops atelier2\AuTestWin\system\Commands\Database\Migrate.php(85): CodeIgniter\Database\MigrationRunner->latest(NULL)
#7 C:\Users\ce pc\Desktop\devops atelier2\AuTestWin\system\CLI\Commands.php(70): CodeIgniter\Commands\Database\Migrate->run(Array)
#8 C:\Users\ce pc\Desktop\devops atelier2\AuTestWin\system\CLI\Console.php(48): CodeIgniter\CLI\Commands->run('migrate', Array)
#9 C:\Users\ce pc\Desktop\devops atelier2\AuTestWin\system\Boot.php(360): CodeIgniter\CLI\Console->run()
#10 C:\Users\ce pc\Desktop\devops atelier2\AuTestWin\system\Boot.php(104): CodeIgniter\Boot::runCommand(Object(CodeIgniter\CLI\Console))
#11 C:\Users\ce pc\Desktop\devops atelier2\AuTestWin\spark(84): CodeIgniter\Boot::bootSpark(Object(Config\Paths))
#12 {main}
